Running typecheck tests on 258 files


>>> Running typecheck test on p4/test/p4c/program/ill-typed/accept_e.p4
Error on typecheck: File p4/test/p4c/program/ill-typed/accept_e.p4, from line 16 character 0 to line 21 character 1
(type_parser_states) a "start" state must exist

>>> Running typecheck test on p4/test/p4c/program/ill-typed/action-bind.p4
Error on typecheck: File p4/test/p4c/program/ill-typed/action-bind.p4, line 23, characters 8-33
(type_call_default_action) arguments (x) and (y) are syntactically different

>>> Running typecheck test on p4/test/p4c/program/ill-typed/action-bind1.p4
Error on typecheck: File p4/test/p4c/program/ill-typed/action-bind1.p4, line 22, characters 8-29
(type_call_default_action) a expects 2 arguments but 0 were given

>>> Running typecheck test on p4/test/p4c/program/ill-typed/action-bind2.p4
Error on typecheck: File p4/test/p4c/program/ill-typed/action-bind2.p4, line 21, characters 20-21
(type_call_action_partial) a expects 1 arguments but 0 were given

>>> Running typecheck test on p4/test/p4c/program/ill-typed/action-bind3.p4
Error on typecheck: File p4/test/p4c/program/ill-typed/action-bind3.p4, line 21, characters 20-27
(type_call_action_partial) a expects 1 arguments but 2 were given

>>> Running typecheck test on p4/test/p4c/program/ill-typed/action-named-default-bmv2.p4
Error on parser: File p4/test/p4c/program/ill-typed/action-named-default-bmv2.p4, line 56, characters 11-18
parser error

>>> Running typecheck test on p4/test/p4c/program/ill-typed/assign.p4
Error on typecheck: File p4/test/p4c/program/ill-typed/assign.p4, line 23, characters 8-16
(check_lvalue) e1 is not an l-value

>>> Running typecheck test on p4/test/p4c/program/ill-typed/binary_e.p4
Error on typecheck: File p4/test/p4c/program/ill-typed/binary_e.p4, line 32, characters 12-16
(type_array_acc_expr) a cannot be indexed

>>> Running typecheck test on p4/test/p4c/program/ill-typed/bitExtract_e.p4
Error on typecheck: File p4/test/p4c/program/ill-typed/bitExtract_e.p4, line 25, characters 19-25
(coerce_type_unary) cannot coerce type struct S {

}

>>> Running typecheck test on p4/test/p4c/program/ill-typed/call-table.p4
Error on typecheck: File p4/test/p4c/program/ill-typed/call-table.p4, line 24, characters 8-18
(check_call_site) table_apply cannot be called from Action

>>> Running typecheck test on p4/test/p4c/program/ill-typed/call1_e.p4
Error on typecheck: File p4/test/p4c/program/ill-typed/call1_e.p4, line 20, characters 4-10
(type_instantiation) instance S not found

>>> Running typecheck test on p4/test/p4c/program/ill-typed/conditional_e.p4
Error on typecheck: File p4/test/p4c/program/ill-typed/conditional_e.p4, line 21, characters 8-23
(type_if_stmt) condition b must be a boolean

>>> Running typecheck test on p4/test/p4c/program/ill-typed/const.p4
Error on typecheck: File p4/test/p4c/program/ill-typed/const.p4, line 22, characters 0-22
(coerce_type) cannot coerce type bit<1> to bit<32>

>>> Running typecheck test on p4/test/p4c/program/ill-typed/const1_e.p4
Error on typecheck: File p4/test/p4c/program/ill-typed/const1_e.p4, line 19, characters 8-19
(coerce_types_binary) cannot coerce types bit<32> and bit<16>

>>> Running typecheck test on p4/test/p4c/program/ill-typed/const_e.p4
Error on typecheck: File p4/test/p4c/program/ill-typed/const_e.p4, line 18, characters 12-15
(check_ctk) I() is not a local compile-time known expression

>>> Running typecheck test on p4/test/p4c/program/ill-typed/constructor1_e.p4
Error on parser: File p4/test/p4c/program/ill-typed/constructor1_e.p4, line 18, characters 8-9
parser error

>>> Running typecheck test on p4/test/p4c/program/ill-typed/constructor2_e.p4
Error on parser: File p4/test/p4c/program/ill-typed/constructor2_e.p4, line 18, characters 5-6
parser error

>>> Running typecheck test on p4/test/p4c/program/ill-typed/constructor3_e.p4
Error on typecheck: File p4/test/p4c/program/ill-typed/constructor3_e.p4, line 22, characters 4-14
(check_eq_typ_alpha) Types bool and bit<1> are not equal

>>> Running typecheck test on p4/test/p4c/program/ill-typed/constructor_e.p4
Error on typecheck: File p4/test/p4c/program/ill-typed/constructor_e.p4, from line 16 character 0 to line 19 character 1
(type_extern_object_decl) method names must not overlap with the object name

>>> Running typecheck test on p4/test/p4c/program/ill-typed/control-inline.p4
Error on parser: File p4/test/p4c/program/ill-typed/control-inline.p4, line 34, characters 10-11
parser error

>>> Running typecheck test on p4/test/p4c/program/ill-typed/control-verify.p4
Error on typecheck: File p4/test/p4c/program/ill-typed/control-verify.p4, line 7, characters 4-35
(type_call_func_stmt) verify must be invoked within a parser

>>> Running typecheck test on p4/test/p4c/program/ill-typed/default-initializer-err.p4
Error on parser: 
transform error

>>> Running typecheck test on p4/test/p4c/program/ill-typed/default-last-switch.p4
Error on typecheck: File p4/test/p4c/program/ill-typed/default-last-switch.p4, from line 11 character 8 to line 14 character 9
(type_switch_table_cases') default label must be the last switch label

>>> Running typecheck test on p4/test/p4c/program/ill-typed/default-param.p4
Error on typecheck: File p4/test/p4c/program/ill-typed/default-param.p4, from line 1 character 0 to line 2 character 38
(check_valid_param') default values are only allowed for in or directionless parameters but direction out was given

>>> Running typecheck test on p4/test/p4c/program/ill-typed/default_action.p4
Error on typecheck: File p4/test/p4c/program/ill-typed/default_action.p4, line 21, characters 8-27
(type_table_action_default) there is no action named b in actions list

>>> Running typecheck test on p4/test/p4c/program/ill-typed/default_action1.p4
Error on typecheck: File p4/test/p4c/program/ill-typed/default_action1.p4, line 23, characters 8-30
(type_table_action_default) there is no action named .b in actions list

>>> Running typecheck test on p4/test/p4c/program/ill-typed/directionless.p4
Error on typecheck: File p4/test/p4c/program/ill-typed/directionless.p4, from line 18 character 4 to line 22 character 5
(check_valid_functyp') all directionless action parameters must be at the end of the parameter list

>>> Running typecheck test on p4/test/p4c/program/ill-typed/div.p4
Error on typecheck: File p4/test/p4c/program/ill-typed/div.p4, line 18, characters 8-16
(type_binop_div_mod) Division or modulo by a non-positive integer -2 is not allowed

>>> Running typecheck test on p4/test/p4c/program/ill-typed/div0.p4
Error on typecheck: File p4/test/p4c/program/ill-typed/div0.p4, line 18, characters 8-13
(coerce_types_binary_numeric) cannot coerce types bit<8> and bit<8>

>>> Running typecheck test on p4/test/p4c/program/ill-typed/div1.p4
Error on typecheck: File p4/test/p4c/program/ill-typed/div1.p4, line 18, characters 8-14
(coerce_types_binary_numeric) cannot coerce types bit<8> and bit<8>

>>> Running typecheck test on p4/test/p4c/program/ill-typed/div3.p4
Error on typecheck: File p4/test/p4c/program/ill-typed/div3.p4, line 19, characters 12-17
(coerce_types_binary_numeric) cannot coerce types bit<8> and bit<8>

>>> Running typecheck test on p4/test/p4c/program/ill-typed/dup-param.p4
Error on typecheck: File p4/test/p4c/program/ill-typed/dup-param.p4, from line 17 character 0 to line 19 character 1
key already exists: p

>>> Running typecheck test on p4/test/p4c/program/ill-typed/dup-param1.p4
Error on typecheck: File p4/test/p4c/program/ill-typed/dup-param1.p4, from line 17 character 0 to line 19 character 1
(type_control_decl) Control declarations cannot be generic

>>> Running typecheck test on p4/test/p4c/program/ill-typed/dup-param2.p4
Error on typecheck: File p4/test/p4c/program/ill-typed/dup-param2.p4, from line 17 character 0 to line 19 character 1
(type_control_decl) Control declarations cannot be generic

>>> Running typecheck test on p4/test/p4c/program/ill-typed/dup-param3.p4
Error on typecheck: File p4/test/p4c/program/ill-typed/dup-param3.p4, from line 17 character 0 to line 19 character 1
(type_control_decl) Control declarations cannot be generic

>>> Running typecheck test on p4/test/p4c/program/ill-typed/dupConst.p4
Error on typecheck: File p4/test/p4c/program/ill-typed/dupConst.p4, line 17, characters 0-19
key already exists: a

>>> Running typecheck test on p4/test/p4c/program/ill-typed/duplicate-label.p4
Error on typecheck: File p4/test/p4c/program/ill-typed/duplicate-label.p4, from line 24 character 8 to line 27 character 9
(type_switch_table_cases') label a was used multiple times

>>> Running typecheck test on p4/test/p4c/program/ill-typed/enumCast.p4
Error on typecheck: File p4/test/p4c/program/ill-typed/enumCast.p4, line 26, characters 8-16
(coerce_type) cannot coerce type int to enum<bit<32>> X { Zero = X.Zero(= 32w0), One = X.One(= 32w1) }

>>> Running typecheck test on p4/test/p4c/program/ill-typed/equality-fail.p4
Error on typecheck: File p4/test/p4c/program/ill-typed/equality-fail.p4, line 23, characters 12-19
(coerce_types_binary) cannot coerce types varbit<32> and (header H {
    a bit<32>;
    b varbit<32>
  })<>

>>> Running typecheck test on p4/test/p4c/program/ill-typed/expression_e.p4
Error on parser: File p4/test/p4c/program/ill-typed/expression_e.p4, line 21, characters 19-20
parser error

>>> Running typecheck test on p4/test/p4c/program/ill-typed/extern.p4
Error on typecheck: File p4/test/p4c/program/ill-typed/extern.p4, from line 19 character 0 to line 22 character 1
(check_valid_param') extern objects can only be passed as directionless parameters but direction in was given

>>> Running typecheck test on p4/test/p4c/program/ill-typed/factory-err2.p4
Error on typecheck: File p4/test/p4c/program/ill-typed/factory-err2.p4, line 28, characters 0-56
(type_control_decl) Control declarations cannot be generic

>>> Running typecheck test on p4/test/p4c/program/ill-typed/function1_e.p4
Error on typecheck: File p4/test/p4c/program/ill-typed/function1_e.p4, line 21, characters 8-21
(check_lvalue) ((1w1) & (1w0)) is not an l-value

>>> Running typecheck test on p4/test/p4c/program/ill-typed/function_e.p4
Error on typecheck: File p4/test/p4c/program/ill-typed/function_e.p4, line 22, characters 8-12
(type_func) function f not found

>>> Running typecheck test on p4/test/p4c/program/ill-typed/function_e1.p4
Error on typecheck: File p4/test/p4c/program/ill-typed/function_e1.p4, from line 1 character 0 to line 4 character 1
(type_function_decl) a function must return a value on all possible execution paths

>>> Running typecheck test on p4/test/p4c/program/ill-typed/function_e2.p4
Error on typecheck: File p4/test/p4c/program/ill-typed/function_e2.p4, line 4, characters 4-8
(check_call_site) action() cannot be called from Function

>>> Running typecheck test on p4/test/p4c/program/ill-typed/functors2_e.p4
Error on typecheck: File p4/test/p4c/program/ill-typed/functors2_e.p4, line 20, characters 8-18
(type_instantiation) instance p not found

>>> Running typecheck test on p4/test/p4c/program/ill-typed/functors3_e.p4
Error on typecheck: File p4/test/p4c/program/ill-typed/functors3_e.p4, line 18, characters 0-7
(type_instantiation) instance s not found

>>> Running typecheck test on p4/test/p4c/program/ill-typed/generic1_e.p4
Error on typecheck: File p4/test/p4c/program/ill-typed/generic1_e.p4, line 21, characters 11-13
(specialize_typdef_poly) type definition extern If {
    id(d) : extern_method(in d T) -> T
  }<T> expects 1 type arguments but 0 were given

>>> Running typecheck test on p4/test/p4c/program/ill-typed/globalVar_e.p4
Error on parser: File p4/test/p4c/program/ill-typed/globalVar_e.p4, line 16, characters 5-6
parser error

>>> Running typecheck test on p4/test/p4c/program/ill-typed/header1_e.p4
Error on parser: File p4/test/p4c/program/ill-typed/header1_e.p4, line 18, characters 4-5
parser error

>>> Running typecheck test on p4/test/p4c/program/ill-typed/header2_e.p4
Error on typecheck: File p4/test/p4c/program/ill-typed/header2_e.p4, from line 25 character 0 to line 28 character 1
(check_valid_typ_nesting) invalid nesting of (parser ())<> inside struct s1 {
  field (parser ())<>
}

>>> Running typecheck test on p4/test/p4c/program/ill-typed/header3.p4
Error on typecheck: File p4/test/p4c/program/ill-typed/header3.p4, from line 16 character 0 to line 19 character 1
(check_valid_typ_nesting) invalid nesting of (tuple<T0, T1><T0, T1>)<bit<1>, bit<1>> inside header H {
  field1 (tuple<T0, T1><T0, T1>)<bit<1>, bit<1>>
}

>>> Running typecheck test on p4/test/p4c/program/ill-typed/implicit.p4
Error on typecheck: File p4/test/p4c/program/ill-typed/implicit.p4, line 19, characters 4-21
(coerce_type) cannot coerce type int<32> to bit<32>

>>> Running typecheck test on p4/test/p4c/program/ill-typed/incorrect-label.p4
Error on typecheck: File p4/test/p4c/program/ill-typed/incorrect-label.p4, line 75, characters 12-13
(type_switch_table_label) action b was not declared in table t1

>>> Running typecheck test on p4/test/p4c/program/ill-typed/init-entries-error1-bmv2.p4
Error on typecheck: File p4/test/p4c/program/ill-typed/init-entries-error1-bmv2.p4, line 76, characters 40-54
(type_table_entry_priority) cannot define priority when there are only exact fields

>>> Running typecheck test on p4/test/p4c/program/ill-typed/init-entries-error2-bmv2.p4
Error on typecheck: File p4/test/p4c/program/ill-typed/init-entries-error2-bmv2.p4, line 81, characters 51-65
(type_table_entry_priority) the priority of the first entry must be defined if priorities are explicitly specified

>>> Running typecheck test on p4/test/p4c/program/ill-typed/init-entries-error3-bmv2.p4
Error on typecheck: File p4/test/p4c/program/ill-typed/init-entries-error3-bmv2.p4, line 81, characters 51-65
(check_table_entry_priority) priority must not be negative

>>> Running typecheck test on p4/test/p4c/program/ill-typed/inro.p4
Error on typecheck: File p4/test/p4c/program/ill-typed/inro.p4, line 19, characters 8-14
(check_lvalue) x is not an l-value

>>> Running typecheck test on p4/test/p4c/program/ill-typed/interface1_e.p4
Error on typecheck: File p4/test/p4c/program/ill-typed/interface1_e.p4, line 25, characters 8-14
(type_method) method f not found for x

>>> Running typecheck test on p4/test/p4c/program/ill-typed/interface_e.p4
Error on typecheck: File p4/test/p4c/program/ill-typed/interface_e.p4, line 21, characters 4-10
(type_instantiation) instance X not found

>>> Running typecheck test on p4/test/p4c/program/ill-typed/invalid-invalid.p4
Error on parser: File p4/test/p4c/program/ill-typed/invalid-invalid.p4, line 2, characters 0-0
parser error

>>> Running typecheck test on p4/test/p4c/program/ill-typed/issue1006-1.p4
Error on typecheck: File p4/test/p4c/program/ill-typed/issue1006-1.p4, line 14, characters 4-25
(check_eq_typ_alpha) Types bit<16> and bit<8> are not equal

>>> Running typecheck test on p4/test/p4c/program/ill-typed/issue1059.p4
Error on typecheck: File p4/test/p4c/program/ill-typed/issue1059.p4, line 9, characters 10-13
(type_expr_acc_expr) Member x does not exist in x

>>> Running typecheck test on p4/test/p4c/program/ill-typed/issue1202.p4
Error on parser: File p4/test/p4c/program/ill-typed/issue1202.p4, line 1, characters 18-21
parser error

>>> Running typecheck test on p4/test/p4c/program/ill-typed/issue1230.p4
Error on typecheck: File p4/test/p4c/program/ill-typed/issue1230.p4, line 6, characters 8-20
(type_table_custom) size should be a numeric type, not bool

>>> Running typecheck test on p4/test/p4c/program/ill-typed/issue1296.p4
Error on typecheck: File p4/test/p4c/program/ill-typed/issue1296.p4, line 7, characters 0-41
(check_valid_param') extern objects can only be passed as directionless parameters but direction in was given

>>> Running typecheck test on p4/test/p4c/program/ill-typed/issue1331.p4
Error on typecheck: File p4/test/p4c/program/ill-typed/issue1331.p4, line 26, characters 8-21
(check_call_site) parser_apply(pkt (extern packet_in {
          advance(sizeInBits) : extern_method(in sizeInBits bit<32>) -> void
          extract(hdr) : extern_method(out hdr T) -> void<T>
          extract(variableSizeHeader, variableFieldSizeInBits) : extern_method(
              out variableSizeHeader T,
              in variableFieldSizeInBits bit<32>) -> void<T>
          length() : extern_method() -> bit<32>
          lookahead() : extern_method() -> T<T>
        })<>) cannot be called from ControlApplyMethod

>>> Running typecheck test on p4/test/p4c/program/ill-typed/issue1336.p4
Error on parser: File p4/test/p4c/program/ill-typed/issue1336.p4, line 3, characters 14-15
parser error

>>> Running typecheck test on p4/test/p4c/program/ill-typed/issue1542.p4
Error on typecheck: File p4/test/p4c/program/ill-typed/issue1542.p4, line 27, characters 30-45
(type_call_default_action) arguments (1) and (2) are syntactically different

>>> Running typecheck test on p4/test/p4c/program/ill-typed/issue1557-bmv2.p4
Error on typecheck: File p4/test/p4c/program/ill-typed/issue1557-bmv2.p4, line 17, characters 20-30
(type_expr_acc_expr) Member drop does not exist in smeta

>>> Running typecheck test on p4/test/p4c/program/ill-typed/issue1777-bmv2.p4
Error on typecheck: File p4/test/p4c/program/ill-typed/issue1777-bmv2.p4, line 54, characters 4-31
(check_eq_typ_alpha) Types int and bit<32> are not equal

>>> Running typecheck test on p4/test/p4c/program/ill-typed/issue1932-1.p4
Error on typecheck: File p4/test/p4c/program/ill-typed/issue1932-1.p4, line 10, characters 4-49
key already exists: foo(x)

>>> Running typecheck test on p4/test/p4c/program/ill-typed/issue1932-2.p4
Error on typecheck: File p4/test/p4c/program/ill-typed/issue1932-2.p4, line 9, characters 0-45
key already exists: foo(x)

>>> Running typecheck test on p4/test/p4c/program/ill-typed/issue1986-1.p4
Error on typecheck: File p4/test/p4c/program/ill-typed/issue1986-1.p4, from line 22 character 8 to line 24 character 9
(type_select_case_keyset') keyset expression should have type bit<2>, but got bit<0>

>>> Running typecheck test on p4/test/p4c/program/ill-typed/issue1986.p4
Error on typecheck: File p4/test/p4c/program/ill-typed/issue1986.p4, from line 17 character 8 to line 19 character 9
(type_select_case_keyset') keyset expression should have type bit<1>, but got seq<bit<0>>

>>> Running typecheck test on p4/test/p4c/program/ill-typed/issue2021.p4
Error on typecheck: File p4/test/p4c/program/ill-typed/issue2021.p4, line 8, characters 8-17
(check_lvalue) .x is not an l-value

>>> Running typecheck test on p4/test/p4c/program/ill-typed/issue2033.p4
Error on typecheck: File p4/test/p4c/program/ill-typed/issue2033.p4, line 10, characters 5-26
(type_table_action_default) there is no action named nop in actions list

>>> Running typecheck test on p4/test/p4c/program/ill-typed/issue2036-1.p4
Error on typecheck: File p4/test/p4c/program/ill-typed/issue2036-1.p4, line 10, characters 8-13
(coerce_type) cannot coerce type (tuple<T0><T0>)<bit<8>> to (struct s {
    x bit<8>
  })<>

>>> Running typecheck test on p4/test/p4c/program/ill-typed/issue2036-2.p4
Error on typecheck: File p4/test/p4c/program/ill-typed/issue2036-2.p4, line 10, characters 8-13
(check_eq_typ_alpha) Types (tuple<T0><T0>)<bit<8>> and (struct s {
    x bit<8>
  })<> are not equal

>>> Running typecheck test on p4/test/p4c/program/ill-typed/issue2036.p4
Error on typecheck: File p4/test/p4c/program/ill-typed/issue2036.p4, line 23, characters 4-15
(coerce_type) cannot coerce type (tuple<T0><T0>)<bit<8>> to (struct s {
    x bit<8>
  })<>

>>> Running typecheck test on p4/test/p4c/program/ill-typed/issue2220.p4
Error on typecheck: File p4/test/p4c/program/ill-typed/issue2220.p4, line 11, characters 1-28
(coerce_type) cannot coerce type record {
  val bit<8>
} to (struct S {
    val enum<bit<8>> myEnum { One = myEnum.One(= 8w1) }
  })<>

>>> Running typecheck test on p4/test/p4c/program/ill-typed/issue2230-1-bmv2.p4
Error on typecheck: File p4/test/p4c/program/ill-typed/issue2230-1-bmv2.p4, line 115, characters 8-29
(check_eq_typ_alpha) Types (header h1_t {
    f1 bit<8>;
    f2 bit<8>
  })<> and (header h2_t {
    f1 bit<8>;
    f2 bit<8>
  })<> are not equal

>>> Running typecheck test on p4/test/p4c/program/ill-typed/issue2230.p4
Error on typecheck: File p4/test/p4c/program/ill-typed/issue2230.p4, line 70, characters 8-24
(coerce_type) cannot coerce type (header h1_t {
    f1 bit<8>;
    f2 bit<8>
  })<> to (header h2_t {
    f1 bit<8>;
    f2 bit<8>
  })<>

>>> Running typecheck test on p4/test/p4c/program/ill-typed/issue2267.p4
Error on typecheck: File p4/test/p4c/program/ill-typed/issue2267.p4, from line 4 character 2 to line 7 character 3
key already exists: t

>>> Running typecheck test on p4/test/p4c/program/ill-typed/issue2290.p4
Error on typecheck: File p4/test/p4c/program/ill-typed/issue2290.p4, from line 15 character 0 to line 17 character 1
(check_valid_typ_nesting) invalid nesting of (header simple_header {
    a bit<8>
  })<> inside header nested_header {
  s (header simple_header {
      a bit<8>
    })<>
}

>>> Running typecheck test on p4/test/p4c/program/ill-typed/issue2317.p4
Error on typecheck: File p4/test/p4c/program/ill-typed/issue2317.p4, line 16, characters 8-12
(type_call_expr) function call as an expression must return a value

>>> Running typecheck test on p4/test/p4c/program/ill-typed/issue2332.p4
Error on typecheck: File p4/test/p4c/program/ill-typed/issue2332.p4, line 1, characters 0-22
(coerce_type) cannot coerce type bit<1> to bit<32>

>>> Running typecheck test on p4/test/p4c/program/ill-typed/issue2335.p4
Error on typecheck: File p4/test/p4c/program/ill-typed/issue2335.p4, line 3, characters 4-14
(check_valid_var_type) type int is not a valid variable type

>>> Running typecheck test on p4/test/p4c/program/ill-typed/issue2354-1.p4
Error on typecheck: File p4/test/p4c/program/ill-typed/issue2354-1.p4, from line 3 character 4 to line 4 character 5
(check_valid_functyp_nesting) invalid nesting of int inside action(x int)

>>> Running typecheck test on p4/test/p4c/program/ill-typed/issue2354.p4
Error on typecheck: File p4/test/p4c/program/ill-typed/issue2354.p4, from line 28 character 4 to line 30 character 5
(check_valid_functyp_nesting) invalid nesting of int inside action(in val int)

>>> Running typecheck test on p4/test/p4c/program/ill-typed/issue2413.p4
Error on typecheck: File p4/test/p4c/program/ill-typed/issue2413.p4, line 23, characters 8-13
(type_func) function x not found

>>> Running typecheck test on p4/test/p4c/program/ill-typed/issue2441.p4
Error on typecheck: File p4/test/p4c/program/ill-typed/issue2441.p4, from line 8 character 1 to line 10 character 2
(type_control_decl) Control declarations cannot be generic

>>> Running typecheck test on p4/test/p4c/program/ill-typed/issue2444-1.p4
Error on typecheck: File p4/test/p4c/program/ill-typed/issue2444-1.p4, line 1, characters 0-19
(coerce_type) cannot coerce type bit<4> to int

>>> Running typecheck test on p4/test/p4c/program/ill-typed/issue2454.p4
Error on typecheck: File p4/test/p4c/program/ill-typed/issue2454.p4, line 8, characters 8-13
(check_valid_functyp_nesting) invalid nesting of (control ())<> inside func(t (control ())<>) -> void

>>> Running typecheck test on p4/test/p4c/program/ill-typed/issue2525.p4
Error on typecheck: File p4/test/p4c/program/ill-typed/issue2525.p4, from line 64 character 8 to line 68 character 9
(type_switch_table_cases') default label must be the last switch label

>>> Running typecheck test on p4/test/p4c/program/ill-typed/issue2544_recursive.p4
Error on parser: File p4/test/p4c/program/ill-typed/issue2544_recursive.p4, line 2, characters 11-12
parser error

>>> Running typecheck test on p4/test/p4c/program/ill-typed/issue2544_self_ref.p4
Error on typecheck: File p4/test/p4c/program/ill-typed/issue2544_self_ref.p4, line 2, characters 14-15
(eval_type') type definition E does not exist

>>> Running typecheck test on p4/test/p4c/program/ill-typed/issue2597.p4
Error on typecheck: File p4/test/p4c/program/ill-typed/issue2597.p4, line 35, characters 8-27
(check_call_site) control_apply() cannot be called from Action

>>> Running typecheck test on p4/test/p4c/program/ill-typed/issue2835-bmv2.p4
Error on typecheck: File p4/test/p4c/program/ill-typed/issue2835-bmv2.p4, line 86, characters 12-130
(check_table_apply_as_arg) Applying tables is forbidden in the expressions supplied as action arguments

>>> Running typecheck test on p4/test/p4c/program/ill-typed/issue3045-1.p4
Error on typecheck: File p4/test/p4c/program/ill-typed/issue3045-1.p4, line 9, characters 2-16
(check_call_site) extern_method(
  in index bit<32>,
  in value T) -> void cannot be called from Function

>>> Running typecheck test on p4/test/p4c/program/ill-typed/issue3045-2.p4
Error on typecheck: File p4/test/p4c/program/ill-typed/issue3045-2.p4, line 9, characters 2-16
(check_call_site) extern_method(
  in index bit<32>,
  in value T) -> void cannot be called from Function

>>> Running typecheck test on p4/test/p4c/program/ill-typed/issue3045.p4
Error on typecheck: File p4/test/p4c/program/ill-typed/issue3045.p4, line 9, characters 2-16
(check_call_site) extern_method(
  in index bit<32>,
  in value T) -> void cannot be called from Function

>>> Running typecheck test on p4/test/p4c/program/ill-typed/issue306.p4
Error on typecheck: File p4/test/p4c/program/ill-typed/issue306.p4, line 45, characters 14-21
(type_expr_acc_expr) Member stack does not exist in p

>>> Running typecheck test on p4/test/p4c/program/ill-typed/issue3153.p4
Error on typecheck: File p4/test/p4c/program/ill-typed/issue3153.p4, line 1, characters 15-21
(coerce_type_unary) cannot coerce type bool

>>> Running typecheck test on p4/test/p4c/program/ill-typed/issue3170-1.p4
Error on typecheck: File p4/test/p4c/program/ill-typed/issue3170-1.p4, line 11, characters 8-12
(check_valid_typ_nesting) invalid nesting of (struct y {
    tt (T[2]<T>)<(header yy {
          tt bit<1>
        })<>>
  })<> inside header t {
  y (struct y {
      tt (T[2]<T>)<(header yy {
            tt bit<1>
          })<>>
    })<>
}

>>> Running typecheck test on p4/test/p4c/program/ill-typed/issue3170.p4
Error on typecheck: File p4/test/p4c/program/ill-typed/issue3170.p4, line 6, characters 8-9
(specialize_typdef_poly) type definition header t {
  y tt
}<tt> expects 1 type arguments but 0 were given

>>> Running typecheck test on p4/test/p4c/program/ill-typed/issue3188.p4
Error on typecheck: File p4/test/p4c/program/ill-typed/issue3188.p4, line 3, characters 18-92
(check_call_site) extern_func(
  check bool,
  message string) -> bool cannot be called from top level

>>> Running typecheck test on p4/test/p4c/program/ill-typed/issue3197-e.p4
Error on typecheck: File p4/test/p4c/program/ill-typed/issue3197-e.p4, line 2, characters 1-5
(type_func) function f not found

>>> Running typecheck test on p4/test/p4c/program/ill-typed/issue3210.p4
Error on parser: File p4/test/p4c/program/ill-typed/issue3210.p4, line 9, characters 5-6
parser error

>>> Running typecheck test on p4/test/p4c/program/ill-typed/issue3221.p4
Error on typecheck: File p4/test/p4c/program/ill-typed/issue3221.p4, line 8, characters 9-14
(type_cast_expr) invalid cast from typedef bit<2> to type t1 (typedef bit<1>)

>>> Running typecheck test on p4/test/p4c/program/ill-typed/issue3246.p4
Error on typecheck: File p4/test/p4c/program/ill-typed/issue3246.p4, line 3, characters 10-55
(ctk_call_method_expr) minSizeInBits does not take type arguments or arguments

>>> Running typecheck test on p4/test/p4c/program/ill-typed/issue3264.p4
Error on typecheck: File p4/test/p4c/program/ill-typed/issue3264.p4, line 4, characters 6-10
(type_var_expr) this is a free identifier

>>> Running typecheck test on p4/test/p4c/program/ill-typed/issue3271-1.p4
Error on parser: File p4/test/p4c/program/ill-typed/issue3271-1.p4, line 23, characters 7-8
parser error

>>> Running typecheck test on p4/test/p4c/program/ill-typed/issue3271.p4
Error on parser: File p4/test/p4c/program/ill-typed/issue3271.p4, line 3, characters 7-8
parser error

>>> Running typecheck test on p4/test/p4c/program/ill-typed/issue3282.p4
Error on typecheck: File p4/test/p4c/program/ill-typed/issue3282.p4, line 6, characters 2-5
(type_instantiation_expr) cannot instantiate an abstract extern object at expression level

>>> Running typecheck test on p4/test/p4c/program/ill-typed/issue3285.p4
Error on parser: 
transform error

>>> Running typecheck test on p4/test/p4c/program/ill-typed/issue3293.p4
Error on typecheck: File p4/test/p4c/program/ill-typed/issue3293.p4, line 3, characters 7-9
(specialize_typdef_poly) type definition struct t1 {

}<t> expects 1 type arguments but 0 were given

>>> Running typecheck test on p4/test/p4c/program/ill-typed/issue3299.p4
Error on typecheck: File p4/test/p4c/program/ill-typed/issue3299.p4, from line 17 character 1 to line 19 character 2
(type_switch_stmt) switch statements can only be used within a control apply block

>>> Running typecheck test on p4/test/p4c/program/ill-typed/issue3304.p4
Error on typecheck: File p4/test/p4c/program/ill-typed/issue3304.p4, line 10, characters 0-9
(check_valid_typ_nesting) invalid nesting of (parser (in a t)<t>)<bit<1>> inside struct s {
  field (parser (in a t)<t>)<bit<1>>
}

>>> Running typecheck test on p4/test/p4c/program/ill-typed/issue3305.p4
Error on typecheck: File p4/test/p4c/program/ill-typed/issue3305.p4, line 13, characters 4-9
(specialize_typdef_poly) type definition struct s1 {
  field t
}<t> expects 1 type arguments but 0 were given

>>> Running typecheck test on p4/test/p4c/program/ill-typed/issue3316.p4
Error on typecheck: File p4/test/p4c/program/ill-typed/issue3316.p4, line 5, characters 17-21
(check_ctk) h(((bit<1>) (1))) is not a local compile-time known expression

>>> Running typecheck test on p4/test/p4c/program/ill-typed/issue3335.p4
Error on typecheck: File p4/test/p4c/program/ill-typed/issue3335.p4, from line 3 character 8 to line 6 character 9
(check_valid_typ_nesting) invalid nesting of int inside set<int>

>>> Running typecheck test on p4/test/p4c/program/ill-typed/issue3338.p4
Error on typecheck: File p4/test/p4c/program/ill-typed/issue3338.p4, from line 1 character 0 to line 5 character 1
(type_parser_states) a "start" state must exist

>>> Running typecheck test on p4/test/p4c/program/ill-typed/issue3345.p4
Error on typecheck: File p4/test/p4c/program/ill-typed/issue3345.p4, from line 3 character 4 to line 6 character 4
(type_select_case_keyset') keyset expression should have type bool, but got bit<1>

>>> Running typecheck test on p4/test/p4c/program/ill-typed/issue3346.p4
Error on typecheck: File p4/test/p4c/program/ill-typed/issue3346.p4, line 2, characters 2-25
(check_valid_typ_nesting) invalid nesting of int inside set<int>

>>> Running typecheck test on p4/test/p4c/program/ill-typed/issue3359.p4
Error on typecheck: File p4/test/p4c/program/ill-typed/issue3359.p4, line 14, characters 4-24
(check_valid_var_type) type (parser (in tt bit<1>))<> is not a valid variable type

>>> Running typecheck test on p4/test/p4c/program/ill-typed/issue3363.p4
Error on typecheck: File p4/test/p4c/program/ill-typed/issue3363.p4, line 8, characters 6-13
(type_binop_compare_equal) type (extern e {

    })<> cannot be compared of equality

>>> Running typecheck test on p4/test/p4c/program/ill-typed/issue3378.p4
Error on typecheck: File p4/test/p4c/program/ill-typed/issue3378.p4, line 2, characters 10-20
(check_valid_typ_nesting) invalid nesting of (package {

  })<> inside tuple<(package {

    })<>, (package {

    })<>>

>>> Running typecheck test on p4/test/p4c/program/ill-typed/issue3442.p4
Error on typecheck: File p4/test/p4c/program/ill-typed/issue3442.p4, from line 12 character 4 to line 14 character 5
(type_table_entries') entries cannot be specified for a table with no key

>>> Running typecheck test on p4/test/p4c/program/ill-typed/issue345.p4
Error on typecheck: File p4/test/p4c/program/ill-typed/issue345.p4, from line 17 character 0 to line 21 character 1
(type_control_decl) Control declarations cannot be generic

>>> Running typecheck test on p4/test/p4c/program/ill-typed/issue3522.p4
Error on typecheck: File p4/test/p4c/program/ill-typed/issue3522.p4, line 10, characters 16-33
(type_expr_acc_expr) last and lastIndex of v.field may only be accessed within a parser

>>> Running typecheck test on p4/test/p4c/program/ill-typed/issue3534.p4
Error on typecheck: File p4/test/p4c/program/ill-typed/issue3534.p4, line 5, characters 2-21
(coerce_type) cannot coerce type bit<2> to enum<bit<2>> e { t = e.t(= 2w1) }

>>> Running typecheck test on p4/test/p4c/program/ill-typed/issue3589.p4
Error on typecheck: File p4/test/p4c/program/ill-typed/issue3589.p4, line 8, characters 13-19
(type_binop_compare_equal) type table t cannot be compared of equality

>>> Running typecheck test on p4/test/p4c/program/ill-typed/issue3611.p4
Error on typecheck: File p4/test/p4c/program/ill-typed/issue3611.p4, line 12, characters 6-7
(type_switch_table_label) switch label must be an action name

>>> Running typecheck test on p4/test/p4c/program/ill-typed/issue3622.p4
Error on typecheck: File p4/test/p4c/program/ill-typed/issue3622.p4, line 10, characters 12-24
(type_switch_table_label) switch label must be an action name

>>> Running typecheck test on p4/test/p4c/program/ill-typed/issue3623-2.p4
Error on typecheck: File p4/test/p4c/program/ill-typed/issue3623-2.p4, line 9, characters 6-9
(coerce_type) cannot coerce type bit<4> to enum<bit<4>> e { a = e.a(= 4w1) }

>>> Running typecheck test on p4/test/p4c/program/ill-typed/issue3623-3.p4
Error on typecheck: File p4/test/p4c/program/ill-typed/issue3623-3.p4, line 9, characters 6-7
(coerce_type) cannot coerce type int to enum<bit<4>> e { a = e.a(= 4w1) }

>>> Running typecheck test on p4/test/p4c/program/ill-typed/issue3656.p4
Error on typecheck: File p4/test/p4c/program/ill-typed/issue3656.p4, line 4, characters 8-17
(specialize_funcdef) function action() expects 0 type arguments but 1 were given

>>> Running typecheck test on p4/test/p4c/program/ill-typed/issue3671-2.p4
Error on typecheck: File p4/test/p4c/program/ill-typed/issue3671-2.p4, line 17, characters 8-55
(type_call_default_action) arguments ({ f0 = ext1(), f1 = ext2() }) and ({ f1 = ext1(), f0 = ext2() }) are syntactically different

>>> Running typecheck test on p4/test/p4c/program/ill-typed/issue3727.p4
Error on typecheck: File p4/test/p4c/program/ill-typed/issue3727.p4, line 7, characters 15-20
(type_table_action) f2 is not an action

>>> Running typecheck test on p4/test/p4c/program/ill-typed/issue3750-1.p4
Error on typecheck: File p4/test/p4c/program/ill-typed/issue3750-1.p4, line 9, characters 7-16
(check_valid_typ_nesting) invalid nesting of (extern ct {
      apply() : extern_method() -> void
    })<> inside tuple<(extern ct {
        apply() : extern_method() -> void
      })<>>

>>> Running typecheck test on p4/test/p4c/program/ill-typed/issue3750.p4
Error on typecheck: File p4/test/p4c/program/ill-typed/issue3750.p4, line 2, characters 7-16
(check_valid_typ_nesting) invalid nesting of (control ())<> inside tuple<(control ())<>>

>>> Running typecheck test on p4/test/p4c/program/ill-typed/issue3751.p4
Error on typecheck: File p4/test/p4c/program/ill-typed/issue3751.p4, line 3, characters 2-23
(check_ctk) t is not a compile-time known expression

>>> Running typecheck test on p4/test/p4c/program/ill-typed/issue3787.p4
Error on typecheck: File p4/test/p4c/program/ill-typed/issue3787.p4, line 3, characters 0-18
(check_valid_param') extern objects can only be passed as directionless parameters but direction in was given

>>> Running typecheck test on p4/test/p4c/program/ill-typed/issue3808-1.p4
Error on typecheck: File p4/test/p4c/program/ill-typed/issue3808-1.p4, from line 8 character 0 to line 17 character 1
(type_control_decl) a control cannot have implicit type parameters

>>> Running typecheck test on p4/test/p4c/program/ill-typed/issue3808.p4
Error on typecheck: File p4/test/p4c/program/ill-typed/issue3808.p4, line 11, characters 4-12
(check_valid_functyp_nesting) invalid nesting of table t inside extern_func(in a table t) -> void

>>> Running typecheck test on p4/test/p4c/program/ill-typed/issue3813.p4
Error on typecheck: File p4/test/p4c/program/ill-typed/issue3813.p4, line 8, characters 9-12
(type_func) function f not found

>>> Running typecheck test on p4/test/p4c/program/ill-typed/issue3814.p4
Error on typecheck: File p4/test/p4c/program/ill-typed/issue3814.p4, line 14, characters 2-8
(type_instantiation) instance g not found

>>> Running typecheck test on p4/test/p4c/program/ill-typed/issue3846.p4
Error on typecheck: File p4/test/p4c/program/ill-typed/issue3846.p4, line 9, characters 8-32
(type_binop_compare_equal) type struct_table apply_result(tt) {
  hit bool;
  miss bool;
  action_run enum_table action_list(tt)
} cannot be compared of equality

>>> Running typecheck test on p4/test/p4c/program/ill-typed/issue3847.p4
Error on typecheck: File p4/test/p4c/program/ill-typed/issue3847.p4, line 9, characters 8-54
(type_binop_compare_equal) type enum_table action_list(tt) cannot be compared of equality

>>> Running typecheck test on p4/test/p4c/program/ill-typed/issue388.p4
Error on typecheck: File p4/test/p4c/program/ill-typed/issue388.p4, line 29, characters 0-6
(check_instantiation_site) control () cannot be instantiated at top level

>>> Running typecheck test on p4/test/p4c/program/ill-typed/issue394.p4
Error on typecheck: File p4/test/p4c/program/ill-typed/issue394.p4, line 19, characters 4-8
(check_valid_var_type) type (extern C {
      get() : extern_method() -> bool
    })<> is not a valid variable type

>>> Running typecheck test on p4/test/p4c/program/ill-typed/issue401.p4
Error on typecheck: File p4/test/p4c/program/ill-typed/issue401.p4, line 42, characters 15-29
(type_cast_expr) invalid cast from seq<int> to bit<1>

>>> Running typecheck test on p4/test/p4c/program/ill-typed/issue407-1.p4
Error on typecheck: File p4/test/p4c/program/ill-typed/issue407-1.p4, from line 46 character 0 to line 55 character 1
(check_valid_typ_nesting) invalid nesting of error inside header H {
  x7 error;
  x8 bool;
  x9 enum myenum1 { MY_ENUM1_VAL1, MY_ENUM1_VAL2, MY_ENUM1_VAL3 };
  x10 (header Ethernet_h {
      dstAddr typedef bit<48>;
      srcAddr typedef bit<48>;
      etherType bit<16>
    })<>;
  x11 (T[4]<T>)<(header Ethernet_h {
        dstAddr typedef bit<48>;
        srcAddr typedef bit<48>;
        etherType bit<16>
      })<>>;
  x12 (struct mystruct1 {
      a bit<4>;
      b bit<4>
    })<>;
  x13 (struct mystruct2 {
      foo (struct mystruct1 {
          a bit<4>;
          b bit<4>
        })<>;
      a bit<4>;
      b bit<4>
    })<>;
  x14 typedef (tuple<T0, T1><T0, T1>)<bit<8>, bit<16>>
}

>>> Running typecheck test on p4/test/p4c/program/ill-typed/issue413.p4
Error on typecheck: File p4/test/p4c/program/ill-typed/issue413.p4, line 41, characters 8-33
(check_call_site) action(
  in bar bit<16>,
  out bar2 bit<8>) cannot be called from ParserState

>>> Running typecheck test on p4/test/p4c/program/ill-typed/issue4136.p4
Error on typecheck: File p4/test/p4c/program/ill-typed/issue4136.p4, line 12, characters 16-23
(check_bitstring_slice_range) Invalid slice [-1:1] for int


>>> Running typecheck test on p4/test/p4c/program/ill-typed/issue4140.p4
Error on typecheck: File p4/test/p4c/program/ill-typed/issue4140.p4, line 7, characters 0-16
(add_rtype) main is reserved for a package instance at the top level

>>> Running typecheck test on p4/test/p4c/program/ill-typed/issue4142.p4
Error on parser: 
transform error

>>> Running typecheck test on p4/test/p4c/program/ill-typed/issue435.p4
Error on typecheck: File p4/test/p4c/program/ill-typed/issue435.p4, line 7, characters 4-42
(type_extern_constructor_mthd) constructors are only allowed for extern objects

>>> Running typecheck test on p4/test/p4c/program/ill-typed/issue561-1.p4
Error on typecheck: File p4/test/p4c/program/ill-typed/issue561-1.p4, line 29, characters 8-33
(coerce_type) cannot coerce type seq<seq<int>, seq<int>> to (header_union U {
    h1 (header H1 {
        f bit<32>
      })<>;
    h2 (header H2 {
        g bit<32>
      })<>
  })<>

>>> Running typecheck test on p4/test/p4c/program/ill-typed/issue584.p4
Error on typecheck: File p4/test/p4c/program/ill-typed/issue584.p4, line 28, characters 8-58
(check_valid_functyp_nesting) invalid nesting of int inside extern_func(
  out result bit<16>,
  in algo enum HashAlgorithm { crc32, crc32_custom, crc16, crc16_custom, random, identity, csum16, xor16 },
  in base bit<16>,
  in data bit<32>,
  in max int) -> void

>>> Running typecheck test on p4/test/p4c/program/ill-typed/issue67.p4
Error on typecheck: File p4/test/p4c/program/ill-typed/issue67.p4, line 1, characters 0-18
(coerce_type) cannot coerce type int to bool

>>> Running typecheck test on p4/test/p4c/program/ill-typed/issue764.p4
Error on typecheck: File p4/test/p4c/program/ill-typed/issue764.p4, line 8, characters 8-16
(check_valid_functyp_nesting) invalid nesting of int inside extern_func(in x int) -> void

>>> Running typecheck test on p4/test/p4c/program/ill-typed/issue774-1.p4
Error on typecheck: File p4/test/p4c/program/ill-typed/issue774-1.p4, line 7, characters 8-13
(type_call_convention') don't care argument can only be used for an out function/method argument

>>> Running typecheck test on p4/test/p4c/program/ill-typed/issue774-2.p4
Error on typecheck: File p4/test/p4c/program/ill-typed/issue774-2.p4, line 11, characters 8-21
(infer_targs) type __WILD_0 cannot be inferred

>>> Running typecheck test on p4/test/p4c/program/ill-typed/issue803-1.p4
Error on typecheck: File p4/test/p4c/program/ill-typed/issue803-1.p4, line 14, characters 0-28
(type_instantiation) instance Ingress not found

>>> Running typecheck test on p4/test/p4c/program/ill-typed/issue807.p4
Error on typecheck: File p4/test/p4c/program/ill-typed/issue807.p4, line 9, characters 2-19
(check_valid_functyp_nesting) invalid nesting of (control ())<> inside extern_method(c1 (control ())<>) -> void

>>> Running typecheck test on p4/test/p4c/program/ill-typed/issue816-1.p4
Error on typecheck: File p4/test/p4c/program/ill-typed/issue816-1.p4, from line 14 character 0 to line 17 character 1
(check_valid_constyp_nesting) invalid nesting of (package {
(control ())<>, (control ())<>
  })<> inside (control ())<>

>>> Running typecheck test on p4/test/p4c/program/ill-typed/issue816.p4
Error on typecheck: File p4/test/p4c/program/ill-typed/issue816.p4, line 18, characters 8-19
(check_call_site) control_apply() cannot be called from Action

>>> Running typecheck test on p4/test/p4c/program/ill-typed/issue818.p4
Error on typecheck: File p4/test/p4c/program/ill-typed/issue818.p4, line 13, characters 2-19
(check_valid_constyp_nesting) invalid nesting of (control ())<> inside (extern WrapControl {
      execute() : extern_method() -> void
    })<>

>>> Running typecheck test on p4/test/p4c/program/ill-typed/issue819-1.p4
Error on typecheck: File p4/test/p4c/program/ill-typed/issue819-1.p4, line 14, characters 13-25
(specialize_typdef_poly) type definition extern WrapControls {
    execute1() : extern_method() -> void
    execute2() : extern_method() -> void
  }<T1, T2> expects 2 type arguments but 0 were given

>>> Running typecheck test on p4/test/p4c/program/ill-typed/issue819.p4
Error on typecheck: File p4/test/p4c/program/ill-typed/issue819.p4, from line 14 character 0 to line 18 character 1
(type_control_decl) a control cannot have implicit type parameters

>>> Running typecheck test on p4/test/p4c/program/ill-typed/list-error.p4
Error on typecheck: File p4/test/p4c/program/ill-typed/list-error.p4, line 9, characters 4-34
(check_eq_typ_alpha) Types (list<T><T>)<bit<16>> and (list<T><T>)<bit<32>> are not equal

>>> Running typecheck test on p4/test/p4c/program/ill-typed/loop1-err.p4
Error on parser: File p4/test/p4c/program/ill-typed/loop1-err.p4, line 3, characters 9-10
parser error

>>> Running typecheck test on p4/test/p4c/program/ill-typed/loop2-err.p4
Error on parser: File p4/test/p4c/program/ill-typed/loop2-err.p4, line 5, characters 13-16
parser error

>>> Running typecheck test on p4/test/p4c/program/ill-typed/loop3-err.p4
Error on parser: File p4/test/p4c/program/ill-typed/loop3-err.p4, line 51, characters 15-17
parser error

>>> Running typecheck test on p4/test/p4c/program/ill-typed/methodArgDontcare.p4
Error on typecheck: File p4/test/p4c/program/ill-typed/methodArgDontcare.p4, line 7, characters 4-13
(infer_targs) type __WILD_0 cannot be inferred

>>> Running typecheck test on p4/test/p4c/program/ill-typed/minWidth.p4
Error on parser: 
transform error

>>> Running typecheck test on p4/test/p4c/program/ill-typed/missing_actions.p4
Error on typecheck: File p4/test/p4c/program/ill-typed/missing_actions.p4, from line 19 character 4 to line 21 character 5
(check_table_properties) a table should have one action property

>>> Running typecheck test on p4/test/p4c/program/ill-typed/missing_match.p4
Error on typecheck: File p4/test/p4c/program/ill-typed/missing_match.p4, line 21, characters 8-34
(type_table_key) noSuchMatch is not a valid match_kind

>>> Running typecheck test on p4/test/p4c/program/ill-typed/module_e.p4
Error on typecheck: File p4/test/p4c/program/ill-typed/module_e.p4, line 25, characters 0-14
(check_eq_typ_alpha) Types (parser (in x bit<1>))<> and (parser (out filter bool))<> are not equal

>>> Running typecheck test on p4/test/p4c/program/ill-typed/mux_e.p4
Error on typecheck: File p4/test/p4c/program/ill-typed/mux_e.p4, line 24, characters 12-21
(type_ternop_expr) condition a must be a boolean

>>> Running typecheck test on p4/test/p4c/program/ill-typed/named-fail.p4
Error on typecheck: File p4/test/p4c/program/ill-typed/named-fail.p4, line 8, characters 8-21
(check_named_args) either all or no arguments must specify the parameter name

>>> Running typecheck test on p4/test/p4c/program/ill-typed/named-fail1.p4
Error on typecheck: File p4/test/p4c/program/ill-typed/named-fail1.p4, line 8, characters 8-24
(type_func) function f not found

>>> Running typecheck test on p4/test/p4c/program/ill-typed/neg.p4
Error on typecheck: File p4/test/p4c/program/ill-typed/neg.p4, line 21, characters 8-13
(coerce_types_binary_numeric) cannot coerce types int<8> and int<8>

>>> Running typecheck test on p4/test/p4c/program/ill-typed/newtype-err.p4
Error on typecheck: File p4/test/p4c/program/ill-typed/newtype-err.p4, line 10, characters 8-18
(coerce_type) cannot coerce type typedef bit<32> to type N32 (bit<32>)

>>> Running typecheck test on p4/test/p4c/program/ill-typed/next.p4
Error on typecheck: File p4/test/p4c/program/ill-typed/next.p4, line 24, characters 8-18
(type_expr_acc_expr) last and lastIndex of stack may only be accessed within a parser

>>> Running typecheck test on p4/test/p4c/program/ill-typed/nostart.p4
Error on typecheck: File p4/test/p4c/program/ill-typed/nostart.p4, from line 17 character 0 to line 19 character 1
(type_parser_states) a "start" state must exist

>>> Running typecheck test on p4/test/p4c/program/ill-typed/not_bound.p4
Error on typecheck: File p4/test/p4c/program/ill-typed/not_bound.p4, line 36, characters 8-19
(type_func) function set_nhop not found

>>> Running typecheck test on p4/test/p4c/program/ill-typed/p_e.p4
Error on parser: File p4/test/p4c/program/ill-typed/p_e.p4, line 18, characters 0-0
parser error

>>> Running typecheck test on p4/test/p4c/program/ill-typed/package.p4
Error on typecheck: File p4/test/p4c/program/ill-typed/package.p4, line 18, characters 0-24
(check_valid_cparam') constructor parameters must be directionless

>>> Running typecheck test on p4/test/p4c/program/ill-typed/param.p4
Error on typecheck: File p4/test/p4c/program/ill-typed/param.p4, line 22, characters 4-31
(check_valid_functyp_nesting) invalid nesting of (extern E {
      call() : extern_method() -> void
    })<> inside action(e (extern E {
          call() : extern_method() -> void
        })<>)

>>> Running typecheck test on p4/test/p4c/program/ill-typed/parser-arg.p4
Error on typecheck: File p4/test/p4c/program/ill-typed/parser-arg.p4, from line 21 character 0 to line 26 character 1
(check_valid_functyp_nesting) invalid nesting of (parser ())<> inside parser_apply(p (parser ())<>)

>>> Running typecheck test on p4/test/p4c/program/ill-typed/persistent_e.p4
Error on typecheck: File p4/test/p4c/program/ill-typed/persistent_e.p4, line 23, characters 4-12
(check_ctk) z is not a compile-time known expression

>>> Running typecheck test on p4/test/p4c/program/ill-typed/pr2918.p4
Error on typecheck: File p4/test/p4c/program/ill-typed/pr2918.p4, from line 19 character 8 to line 22 character 9
(check_valid_typ_nesting) invalid nesting of (struct S {
    b bit<8>
  })<> inside set<(struct S {
      b bit<8>
    })<>>

>>> Running typecheck test on p4/test/p4c/program/ill-typed/psa-meter2.p4
Error on typecheck: File p4/test/p4c/program/ill-typed/psa-meter2.p4, line 55, characters 4-57
(check_eq_typ_alpha) Types int and bit<32> are not equal

>>> Running typecheck test on p4/test/p4c/program/ill-typed/psa-type-hdr.p4
Error on typecheck: File p4/test/p4c/program/ill-typed/psa-type-hdr.p4, line 43, characters 0-20
(check_valid_typ_nesting) invalid nesting of (header ipv4_t {
    version bit<4>;
    ihl bit<4>;
    diffserv bit<8>;
    totalLen bit<16>;
    identification bit<16>;
    flags bit<3>;
    fragOffset bit<13>;
    ttl bit<8>;
    protocol bit<8>;
    hdrChecksum bit<16>;
    srcAddr bit<32>;
    dstAddr bit<32>
  })<> inside type IPV4T_t ((header ipv4_t {
      version bit<4>;
      ihl bit<4>;
      diffserv bit<8>;
      totalLen bit<16>;
      identification bit<16>;
      flags bit<3>;
      fragOffset bit<13>;
      ttl bit<8>;
      protocol bit<8>;
      hdrChecksum bit<16>;
      srcAddr bit<32>;
      dstAddr bit<32>
    })<>)

>>> Running typecheck test on p4/test/p4c/program/ill-typed/push_nonconstant.p4
Error on typecheck: File p4/test/p4c/program/ill-typed/push_nonconstant.p4, line 10, characters 8-24
(coerce_type) cannot coerce type bit<32> to int

>>> Running typecheck test on p4/test/p4c/program/ill-typed/range_e.p4
Error on typecheck: File p4/test/p4c/program/ill-typed/range_e.p4, line 20, characters 12-22
(coerce_types_binary) cannot coerce types bit<2> and bit<3>

>>> Running typecheck test on p4/test/p4c/program/ill-typed/scope.p4
Error on typecheck: File p4/test/p4c/program/ill-typed/scope.p4, line 25, characters 22-23
(type_type_acc_expr) .q is a free identifier

>>> Running typecheck test on p4/test/p4c/program/ill-typed/select-struct.p4
Error on typecheck: File p4/test/p4c/program/ill-typed/select-struct.p4, from line 11 character 8 to line 14 character 9
(check_valid_typ_nesting) invalid nesting of (struct H {
    b bit<12>
  })<> inside set<(struct H {
      b bit<12>
    })<>>

>>> Running typecheck test on p4/test/p4c/program/ill-typed/select-varbits.p4
Error on typecheck: File p4/test/p4c/program/ill-typed/select-varbits.p4, from line 16 character 8 to line 19 character 9
(check_valid_typ_nesting) invalid nesting of varbit<12> inside set<varbit<12>>

>>> Running typecheck test on p4/test/p4c/program/ill-typed/self-call.p4
Error on typecheck: File p4/test/p4c/program/ill-typed/self-call.p4, line 17, characters 4-15
(type_instantiation) instance c not found

>>> Running typecheck test on p4/test/p4c/program/ill-typed/serEnumImplCast.p4
Error on typecheck: File p4/test/p4c/program/ill-typed/serEnumImplCast.p4, line 16, characters 8-36
(coerce_type) cannot coerce type bit<2> to enum<bit<2>> foo_t { A = foo_t.A(= 2w0), B = foo_t.B(= 2w1), C = foo_t.C(= 2w2), D = foo_t.D(= 2w3) }

>>> Running typecheck test on p4/test/p4c/program/ill-typed/serenum-type.p4
Error on typecheck: File p4/test/p4c/program/ill-typed/serenum-type.p4, line 8, characters 0-9
(coerce_type) cannot coerce type int to type EthT (type Base2_t (type Base1_t (typedef bit<16>)))

>>> Running typecheck test on p4/test/p4c/program/ill-typed/serenum-typedef.p4
Error on typecheck: File p4/test/p4c/program/ill-typed/serenum-typedef.p4, line 8, characters 0-9
(coerce_type) cannot coerce type int to typedef typedef typedef type Base_t (bit<16>)

>>> Running typecheck test on p4/test/p4c/program/ill-typed/shift_e.p4
Error on parser: File p4/test/p4c/program/ill-typed/shift_e.p4, line 20, characters 24-25
parser error

>>> Running typecheck test on p4/test/p4c/program/ill-typed/signed.p4
Error on typecheck: File p4/test/p4c/program/ill-typed/signed.p4, line 5, characters 8-39
(coerce_type) cannot coerce type int<8> to bit<8>

>>> Running typecheck test on p4/test/p4c/program/ill-typed/signs.p4
Error on typecheck: File p4/test/p4c/program/ill-typed/signs.p4, line 18, characters 4-19
(coerce_type) cannot coerce type bit<8> to int<8>

>>> Running typecheck test on p4/test/p4c/program/ill-typed/slice_out_of_bound.p4
Error on typecheck: File p4/test/p4c/program/ill-typed/slice_out_of_bound.p4, line 80, characters 8-19
(check_bitstring_slice_range) Invalid slice [2:5] for bit<4>


>>> Running typecheck test on p4/test/p4c/program/ill-typed/spec-issue1297-string-cat-err-0.p4
Error on typecheck: File p4/test/p4c/program/ill-typed/spec-issue1297-string-cat-err-0.p4, line 4, characters 10-17
(coerce_types_binary_numeric) cannot coerce types string and string

>>> Running typecheck test on p4/test/p4c/program/ill-typed/spec-issue1297-string-cat-err-1.p4
Error on typecheck: File p4/test/p4c/program/ill-typed/spec-issue1297-string-cat-err-1.p4, line 4, characters 10-16
(coerce_types_binary_numeric) cannot coerce types string and int

>>> Running typecheck test on p4/test/p4c/program/ill-typed/spec-issue563.p4
Error on typecheck: File p4/test/p4c/program/ill-typed/spec-issue563.p4, line 12, characters 12-13
(eval_type') type definition A does not exist

>>> Running typecheck test on p4/test/p4c/program/ill-typed/stack-const-index-out-of-bounds-bmv2.p4
Error on typecheck: File p4/test/p4c/program/ill-typed/stack-const-index-out-of-bounds-bmv2.p4, line 62, characters 8-16
(type_array_acc_expr) Index -1 out of range for h.hs

>>> Running typecheck test on p4/test/p4c/program/ill-typed/stack1_e.p4
Error on typecheck: File p4/test/p4c/program/ill-typed/stack1_e.p4, line 22, characters 10-11
(check_ctk) w is not a local compile-time known expression

>>> Running typecheck test on p4/test/p4c/program/ill-typed/stack2.p4
Error on typecheck: File p4/test/p4c/program/ill-typed/stack2.p4, line 24, characters 8-24
(coerce_type) cannot coerce type (T[3]<T>)<(header h {

    })<>> to (T[5]<T>)<(header h {

    })<>>

>>> Running typecheck test on p4/test/p4c/program/ill-typed/stack3.p4
Error on typecheck: File p4/test/p4c/program/ill-typed/stack3.p4, line 34, characters 10-21
(check_ctk) ((s1.size) + (((bit<32>) (1)))) is not a local compile-time known expression

>>> Running typecheck test on p4/test/p4c/program/ill-typed/stack_e.p4
Error on typecheck: File p4/test/p4c/program/ill-typed/stack_e.p4, line 23, characters 8-12
(check_valid_typ_nesting) invalid nesting of (struct s {

  })<> inside (struct s {

    })<>[5]

>>> Running typecheck test on p4/test/p4c/program/ill-typed/string-e.p4
Error on typecheck: File p4/test/p4c/program/ill-typed/string-e.p4, line 1, characters 0-27
(check_valid_functyp_nesting) invalid nesting of string inside extern_func(in s string) -> void

>>> Running typecheck test on p4/test/p4c/program/ill-typed/string-e1.p4
Error on typecheck: File p4/test/p4c/program/ill-typed/string-e1.p4, from line 1 character 0 to line 3 character 1
(check_valid_typ_nesting) invalid nesting of string inside struct S {
  s string
}

>>> Running typecheck test on p4/test/p4c/program/ill-typed/string-e2.p4
Error on typecheck: File p4/test/p4c/program/ill-typed/string-e2.p4, line 5, characters 8-16
(check_valid_functyp_nesting) invalid nesting of string inside extern_func(in data string) -> void

>>> Running typecheck test on p4/test/p4c/program/ill-typed/struct_e.p4
Error on typecheck: File p4/test/p4c/program/ill-typed/struct_e.p4, line 24, characters 8-14
(type_expr_acc_expr) Member data does not exist in v

>>> Running typecheck test on p4/test/p4c/program/ill-typed/structure-valued-expr-errs-1.p4
Error on typecheck: File p4/test/p4c/program/ill-typed/structure-valued-expr-errs-1.p4, line 100, characters 12-24
(coerce_type) cannot coerce type seq<> to (header h1_t {
    f1 bit<8>
  })<>

>>> Running typecheck test on p4/test/p4c/program/ill-typed/structure-valued-expr-errs-2.p4
Error on parser: File p4/test/p4c/program/ill-typed/structure-valued-expr-errs-2.p4, line 106, characters 27-28
parser error

>>> Running typecheck test on p4/test/p4c/program/ill-typed/structured-annotation-e.p4
Error on parser: File p4/test/p4c/program/ill-typed/structured-annotation-e.p4, line 1, characters 22-23
parser error

>>> Running typecheck test on p4/test/p4c/program/ill-typed/table-entries-decl-order.p4
Error on typecheck: File p4/test/p4c/program/ill-typed/table-entries-decl-order.p4, from line 56 character 8 to line 60 character 9
(type_table_entries') entries cannot be specified for a table with no key

>>> Running typecheck test on p4/test/p4c/program/ill-typed/table-entries-exact-ternary.p4
Error on typecheck: File p4/test/p4c/program/ill-typed/table-entries-exact-ternary.p4, line 74, characters 30-36
(type_table_entry_keysets) number of select keys must match the number of cases

>>> Running typecheck test on p4/test/p4c/program/ill-typed/table-entries-exact.p4
Error on typecheck: File p4/test/p4c/program/ill-typed/table-entries-exact.p4, line 72, characters 35-41
(type_table_entry_keysets) number of select keys must match the number of cases

>>> Running typecheck test on p4/test/p4c/program/ill-typed/table-entries-lpm-2.p4
Error on typecheck: File p4/test/p4c/program/ill-typed/table-entries-lpm-2.p4, line 74, characters 26-54
(get_lpm_prefix) 7w112 is an invalid lpm mask


>>> Running typecheck test on p4/test/p4c/program/ill-typed/table-entries-lpm.p4
Error on typecheck: File p4/test/p4c/program/ill-typed/table-entries-lpm.p4, line 71, characters 25-53
(get_lpm_prefix) 4w0 is an invalid lpm mask


>>> Running typecheck test on p4/test/p4c/program/ill-typed/table-entries-optional-2-bmv2.p4
Error on typecheck: File p4/test/p4c/program/ill-typed/table-entries-optional-2-bmv2.p4, line 69, characters 47-74
(type_table_entry_keyset') match_kind optional cannot use mask expression

>>> Running typecheck test on p4/test/p4c/program/ill-typed/table-entries-outside-table.p4
Error on parser: File p4/test/p4c/program/ill-typed/table-entries-outside-table.p4, line 68, characters 10-17
parser error

>>> Running typecheck test on p4/test/p4c/program/ill-typed/table-entries-range.p4
Error on typecheck: File p4/test/p4c/program/ill-typed/table-entries-range.p4, line 71, characters 24-52
(type_table_entry_keysets) number of select keys must match the number of cases

>>> Running typecheck test on p4/test/p4c/program/ill-typed/table-entries-ternary.p4
Error on typecheck: File p4/test/p4c/program/ill-typed/table-entries-ternary.p4, line 74, characters 17-23
(type_table_entry_keyset') match_kind ternary cannot use range expression

>>> Running typecheck test on p4/test/p4c/program/ill-typed/template_e.p4
Error on typecheck: File p4/test/p4c/program/ill-typed/template_e.p4, line 16, characters 0-17
(check_distinct_names) names are not distinct

>>> Running typecheck test on p4/test/p4c/program/ill-typed/tuple-left.p4
Error on parser: File p4/test/p4c/program/ill-typed/tuple-left.p4, line 21, characters 11-12
parser error

>>> Running typecheck test on p4/test/p4c/program/ill-typed/tuple-newtype.p4
Error on typecheck: File p4/test/p4c/program/ill-typed/tuple-newtype.p4, line 5, characters 0-18
(check_valid_typ_nesting) invalid nesting of (tuple<T0><T0>)<bit<1>> inside type T ((tuple<T0><T0>)<bit<1>>)

>>> Running typecheck test on p4/test/p4c/program/ill-typed/tuple-to-header.p4
Error on typecheck: File p4/test/p4c/program/ill-typed/tuple-to-header.p4, line 23, characters 8-14
(coerce_type) cannot coerce type (tuple<T0><T0>)<bit<32>> to (header H {
    x bit<32>
  })<>

>>> Running typecheck test on p4/test/p4c/program/ill-typed/type-field.p4
Error on typecheck: File p4/test/p4c/program/ill-typed/type-field.p4, line 59, characters 13-14
(type_type_acc_expr) Cannot access a generic type struct h {
  d (header d_t {
      f bit<32>
    })<>
}

>>> Running typecheck test on p4/test/p4c/program/ill-typed/type-in-expr-lex0.p4
Error on parser: File p4/test/p4c/program/ill-typed/type-in-expr-lex0.p4, line 8, characters 25-26
parser error

>>> Running typecheck test on p4/test/p4c/program/ill-typed/type-in-expr-lex1.p4
Error on parser: File p4/test/p4c/program/ill-typed/type-in-expr-lex1.p4, line 8, characters 21-22
parser error

>>> Running typecheck test on p4/test/p4c/program/ill-typed/type-in-expr.p4
Error on typecheck: File p4/test/p4c/program/ill-typed/type-in-expr.p4, from line 6 character 0 to line 10 character 1
(type_control_decl) Control declarations cannot be generic

>>> Running typecheck test on p4/test/p4c/program/ill-typed/type-params_e.p4
Error on typecheck: File p4/test/p4c/program/ill-typed/type-params_e.p4, line 18, characters 12-13
(eval_type') type definition D does not exist

>>> Running typecheck test on p4/test/p4c/program/ill-typed/typecheck1_e.p4
Error on typecheck: File p4/test/p4c/program/ill-typed/typecheck1_e.p4, line 27, characters 12-14
(coerce_type_unary) cannot coerce type bool

>>> Running typecheck test on p4/test/p4c/program/ill-typed/typecheck_e.p4
Error on typecheck: File p4/test/p4c/program/ill-typed/typecheck_e.p4, from line 18 character 0 to line 23 character 1
(type_control_decl) Control declarations cannot be generic

>>> Running typecheck test on p4/test/p4c/program/ill-typed/typedef-and-type-definitions.p4
Error on typecheck: File p4/test/p4c/program/ill-typed/typedef-and-type-definitions.p4, line 112, characters 0-16
(check_valid_typ_nesting) invalid nesting of int inside type intT_t (int)

>>> Running typecheck test on p4/test/p4c/program/ill-typed/underscore1_e.p4
Error on parser: File p4/test/p4c/program/ill-typed/underscore1_e.p4, line 17, characters 8-9
parser error

>>> Running typecheck test on p4/test/p4c/program/ill-typed/underscore2_e.p4
Error on parser: File p4/test/p4c/program/ill-typed/underscore2_e.p4, line 19, characters 12-13
parser error

>>> Running typecheck test on p4/test/p4c/program/ill-typed/underscore3_e.p4
Error on parser: File p4/test/p4c/program/ill-typed/underscore3_e.p4, line 16, characters 10-11
parser error

>>> Running typecheck test on p4/test/p4c/program/ill-typed/underscore_e.p4
Error on parser: File p4/test/p4c/program/ill-typed/underscore_e.p4, line 16, characters 12-13
parser error

>>> Running typecheck test on p4/test/p4c/program/ill-typed/virtual1.p4
Error on typecheck: File p4/test/p4c/program/ill-typed/virtual1.p4, line 24, characters 12-28
(coerce_type) cannot coerce type bit<16> to bool

>>> Running typecheck test on p4/test/p4c/program/ill-typed/virtual2.p4
Error on typecheck: File p4/test/p4c/program/ill-typed/virtual2.p4, line 24, characters 12-28
(coerce_type) cannot coerce type bit<16> to void

>>> Running typecheck test on p4/test/p4c/program/ill-typed/virtual3.p4
Error on typecheck: File p4/test/p4c/program/ill-typed/virtual3.p4, line 24, characters 12-19
(type_return_stmt) function must return a value of type bit<16>

>>> Running typecheck test on p4/test/p4c/program/ill-typed/virtual4.p4
Error on typecheck: File p4/test/p4c/program/ill-typed/virtual4.p4, from line 22 character 4 to line 26 character 6
(type_instantiation_decl) abstract method g(ix) was not declared

>>> Running typecheck test on p4/test/p4c/program/ill-typed/virtual5.p4
Error on typecheck: File p4/test/p4c/program/ill-typed/virtual5.p4, from line 22 character 4 to line 27 character 6
(type_instantiation_decl) abstract method g() was not declared

>>> Running typecheck test on p4/test/p4c/program/ill-typed/virtual6.p4
Error on typecheck: File p4/test/p4c/program/ill-typed/virtual6.p4, from line 23 character 4 to line 27 character 6
(type_instantiation_decl) abstract method g() was not implemented

>>> Running typecheck test on p4/test/p4c/program/ill-typed/wrong-cast.p4
Error on typecheck: File p4/test/p4c/program/ill-typed/wrong-cast.p4, line 2, characters 15-24
(type_cast_expr) invalid cast from int<2> to bool

Parser on file: [PASS] 225/258 (87.21%) [FAIL] 33/258 (12.79%)
Typecheck: [PASS] 0/225 (0.00%) [FAIL] 225/225 (100.00%)
