p4/test/program/well-typed-excluded/spec-clarify/directionless-implicit-cast/extern-funcs-bmv2.p4:33:10: fatal error: 'arith-inline-skeleton.p4' file not found
#include "arith-inline-skeleton.p4"
         ^~~~~~~~~~~~~~~~~~~~~~~~~~
1 error generated.
p4/test/program/well-typed-excluded/test-clarify/newtype-implicit-cast/pins/pins_fabric.p4:434:24: warning: missing terminating '"' character [-Winvalid-pp-token]
    @entry_restriction("
                       ^
p4/test/program/well-typed-excluded/test-clarify/newtype-implicit-cast/pins/pins_fabric.p4:441:37: warning: missing terminating '"' character [-Winvalid-pp-token]
  ") @p4runtime_role("sdn_controller") @id(0x0200004A) table vrf_table {
                                    ^
p4/test/program/well-typed-excluded/test-clarify/newtype-implicit-cast/pins/pins_fabric.p4:471:41: warning: missing terminating '"' character [-Winvalid-pp-token]
    @id(0x01000018) @action_restriction("
                                        ^
p4/test/program/well-typed-excluded/test-clarify/newtype-implicit-cast/pins/pins_fabric.p4:474:3: warning: missing terminating '"' character [-Winvalid-pp-token]
  ") action set_multicast_group_id(@id(1) @refers_to(builtin : : multicast_group_table , multicast_group_id) multicast_group_id_t multicast_group_id) {
  ^
p4/test/program/well-typed-excluded/test-clarify/newtype-implicit-cast/pins/pins_fabric.p4:568:54: warning: missing terminating '"' character [-Winvalid-pp-token]
    @id(0x0100001B) @unsupported @action_restriction("
                                                     ^
p4/test/program/well-typed-excluded/test-clarify/newtype-implicit-cast/pins/pins_fabric.p4:570:36: warning: missing terminating '"' character [-Winvalid-pp-token]
    vlan_id != 0 && vlan_id != 4095") action set_port_and_src_mac_and_vlan_id(@id(1) port_id_t port, @id(2) @format(MAC_ADDRESS) ethernet_addr_t src_mac, @id(3) vlan_id_t vlan_id) {
                                   ^
p4/test/program/well-typed-excluded/test-clarify/newtype-implicit-cast/pins/pins_fabric.p4:695:106: warning: missing terminating '"' character [-Winvalid-pp-token]
    @unsupported @p4runtime_role("packet_replication_engine_manager") @id(0x02000051) @entry_restriction("
                                                                                                         ^
p4/test/program/well-typed-excluded/test-clarify/newtype-implicit-cast/pins/pins_fabric.p4:701:3: warning: missing terminating '"' character [-Winvalid-pp-token]
  ") table ingress_clone_table {
  ^
p4/test/program/well-typed-excluded/test-clarify/newtype-implicit-cast/pins/pins_fabric.p4:841:74: warning: missing terminating '"' character [-Winvalid-pp-token]
    @p4runtime_role("sdn_controller") @id(0x0200004D) @entry_restriction("
                                                                         ^
p4/test/program/well-typed-excluded/test-clarify/newtype-implicit-cast/pins/pins_fabric.p4:844:3: warning: missing terminating '"' character [-Winvalid-pp-token]
  ") table disable_vlan_checks_table {
  ^
p4/test/program/well-typed-excluded/test-clarify/newtype-implicit-cast/pins/pins_fabric.p4:1029:91: warning: missing terminating '"' character [-Winvalid-pp-token]
    @p4runtime_role("sdn_controller") @id(0x02000104) @sai_acl(EGRESS) @entry_restriction("
                                                                                          ^
p4/test/program/well-typed-excluded/test-clarify/newtype-implicit-cast/pins/pins_fabric.p4:1051:3: warning: missing terminating '"' character [-Winvalid-pp-token]
  ") table acl_egress_table {
  ^
p4/test/program/well-typed-excluded/test-clarify/newtype-implicit-cast/pins/pins_fabric.p4:1070:91: warning: missing terminating '"' character [-Winvalid-pp-token]
    @id(0x02000108) @sai_acl(EGRESS) @p4runtime_role("sdn_controller") @entry_restriction("
                                                                                          ^
p4/test/program/well-typed-excluded/test-clarify/newtype-implicit-cast/pins/pins_fabric.p4:1082:3: warning: missing terminating '"' character [-Winvalid-pp-token]
  ") table acl_egress_dhcp_to_host_table {
  ^
p4/test/program/well-typed-excluded/test-clarify/newtype-implicit-cast/pins/pins_fabric.p4:1163:113: warning: missing terminating '"' character [-Winvalid-pp-token]
    @p4runtime_role("sdn_controller") @id(0x02000100) @sai_acl(INGRESS) @sai_acl_priority(5) @entry_restriction("
                                                                                                                ^
p4/test/program/well-typed-excluded/test-clarify/newtype-implicit-cast/pins/pins_fabric.p4:1200:3: warning: missing terminating '"' character [-Winvalid-pp-token]
  ") table acl_ingress_table {
  ^
p4/test/program/well-typed-excluded/test-clarify/newtype-implicit-cast/pins/pins_fabric.p4:1235:114: warning: missing terminating '"' character [-Winvalid-pp-token]
    @id(0x02000107) @sai_acl(INGRESS) @sai_acl_priority(10) @p4runtime_role("sdn_controller") @entry_restriction("
                                                                                                                 ^
p4/test/program/well-typed-excluded/test-clarify/newtype-implicit-cast/pins/pins_fabric.p4:1262:3: warning: missing terminating '"' character [-Winvalid-pp-token]
  ") table acl_ingress_qos_table {
  ^
p4/test/program/well-typed-excluded/test-clarify/newtype-implicit-cast/pins/pins_fabric.p4:1290:113: warning: missing terminating '"' character [-Winvalid-pp-token]
    @p4runtime_role("sdn_controller") @id(0x02000109) @sai_acl_priority(7) @sai_acl(INGRESS) @entry_restriction("
                                                                                                                ^
p4/test/program/well-typed-excluded/test-clarify/newtype-implicit-cast/pins/pins_fabric.p4:1300:3: warning: missing terminating '"' character [-Winvalid-pp-token]
  ") table acl_ingress_counting_table {
  ^
p4/test/program/well-typed-excluded/test-clarify/newtype-implicit-cast/pins/pins_fabric.p4:1322:41: warning: missing terminating '"' character [-Winvalid-pp-token]
    @id(0x01000113) @action_restriction("
                                        ^
p4/test/program/well-typed-excluded/test-clarify/newtype-implicit-cast/pins/pins_fabric.p4:1325:3: warning: missing terminating '"' character [-Winvalid-pp-token]
  ") action redirect_to_ipmc_group(@sai_action_param(SAI_ACL_ENTRY_ATTR_ACTION_REDIRECT) @sai_action_param_object_type(SAI_OBJECT_TYPE_IPMC_GROUP) @refers_to(builtin : : multicast_group_table , multicast_group_id) multicast_group_id_t multicast_group_id) {
  ^
p4/test/program/well-typed-excluded/test-clarify/newtype-implicit-cast/pins/pins_fabric.p4:1330:114: warning: missing terminating '"' character [-Winvalid-pp-token]
    @id(0x0200010B) @sai_acl(INGRESS) @sai_acl_priority(15) @p4runtime_role("sdn_controller") @entry_restriction("
                                                                                                                 ^
p4/test/program/well-typed-excluded/test-clarify/newtype-implicit-cast/pins/pins_fabric.p4:1341:3: warning: missing terminating '"' character [-Winvalid-pp-token]
  ") table acl_ingress_mirror_and_redirect_table {
  ^
p4/test/program/well-typed-excluded/test-clarify/newtype-implicit-cast/pins/pins_fabric.p4:1361:114: warning: missing terminating '"' character [-Winvalid-pp-token]
    @id(0x0200010A) @sai_acl(INGRESS) @sai_acl_priority(20) @p4runtime_role("sdn_controller") @entry_restriction("
                                                                                                                 ^
p4/test/program/well-typed-excluded/test-clarify/newtype-implicit-cast/pins/pins_fabric.p4:1386:3: warning: missing terminating '"' character [-Winvalid-pp-token]
  ") table acl_ingress_security_table {
  ^
p4/test/program/well-typed-excluded/test-clarify/newtype-implicit-cast/pins/pins_fabric.p4:1443:118: warning: missing terminating '"' character [-Winvalid-pp-token]
    @p4runtime_role("sdn_controller") @id(0x02000101) @sai_acl(PRE_INGRESS) @sai_acl_priority(11) @entry_restriction("
                                                                                                                     ^
p4/test/program/well-typed-excluded/test-clarify/newtype-implicit-cast/pins/pins_fabric.p4:1463:3: warning: missing terminating '"' character [-Winvalid-pp-token]
  ") table acl_pre_ingress_table {
  ^
p4/test/program/well-typed-excluded/test-clarify/newtype-implicit-cast/pins/pins_fabric.p4:1484:117: warning: missing terminating '"' character [-Winvalid-pp-token]
    @id(0x02000105) @sai_acl(PRE_INGRESS) @p4runtime_role("sdn_controller") @sai_acl_priority(1) @entry_restriction("
                                                                                                                    ^
p4/test/program/well-typed-excluded/test-clarify/newtype-implicit-cast/pins/pins_fabric.p4:1497:3: warning: missing terminating '"' character [-Winvalid-pp-token]
  ") table acl_pre_ingress_vlan_table {
  ^
p4/test/program/well-typed-excluded/test-clarify/newtype-implicit-cast/pins/pins_fabric.p4:1513:117: warning: missing terminating '"' character [-Winvalid-pp-token]
    @id(0x02000106) @sai_acl(PRE_INGRESS) @p4runtime_role("sdn_controller") @sai_acl_priority(5) @entry_restriction("
                                                                                                                    ^
p4/test/program/well-typed-excluded/test-clarify/newtype-implicit-cast/pins/pins_fabric.p4:1526:3: warning: missing terminating '"' character [-Winvalid-pp-token]
  ") table acl_pre_ingress_metadata_table {
  ^
32 warnings generated.
p4/test/program/well-typed-excluded/test-clarify/newtype-implicit-cast/pins/pins_middleblock.p4:434:24: warning: missing terminating '"' character [-Winvalid-pp-token]
    @entry_restriction("
                       ^
p4/test/program/well-typed-excluded/test-clarify/newtype-implicit-cast/pins/pins_middleblock.p4:441:37: warning: missing terminating '"' character [-Winvalid-pp-token]
  ") @p4runtime_role("sdn_controller") @id(0x0200004A) table vrf_table {
                                    ^
p4/test/program/well-typed-excluded/test-clarify/newtype-implicit-cast/pins/pins_middleblock.p4:471:41: warning: missing terminating '"' character [-Winvalid-pp-token]
    @id(0x01000018) @action_restriction("
                                        ^
p4/test/program/well-typed-excluded/test-clarify/newtype-implicit-cast/pins/pins_middleblock.p4:474:3: warning: missing terminating '"' character [-Winvalid-pp-token]
  ") action set_multicast_group_id(@id(1) @refers_to(builtin : : multicast_group_table , multicast_group_id) multicast_group_id_t multicast_group_id) {
  ^
p4/test/program/well-typed-excluded/test-clarify/newtype-implicit-cast/pins/pins_middleblock.p4:568:54: warning: missing terminating '"' character [-Winvalid-pp-token]
    @id(0x0100001B) @unsupported @action_restriction("
                                                     ^
p4/test/program/well-typed-excluded/test-clarify/newtype-implicit-cast/pins/pins_middleblock.p4:570:36: warning: missing terminating '"' character [-Winvalid-pp-token]
    vlan_id != 0 && vlan_id != 4095") action set_port_and_src_mac_and_vlan_id(@id(1) port_id_t port, @id(2) @format(MAC_ADDRESS) ethernet_addr_t src_mac, @id(3) vlan_id_t vlan_id) {
                                   ^
p4/test/program/well-typed-excluded/test-clarify/newtype-implicit-cast/pins/pins_middleblock.p4:695:106: warning: missing terminating '"' character [-Winvalid-pp-token]
    @unsupported @p4runtime_role("packet_replication_engine_manager") @id(0x02000051) @entry_restriction("
                                                                                                         ^
p4/test/program/well-typed-excluded/test-clarify/newtype-implicit-cast/pins/pins_middleblock.p4:701:3: warning: missing terminating '"' character [-Winvalid-pp-token]
  ") table ingress_clone_table {
  ^
p4/test/program/well-typed-excluded/test-clarify/newtype-implicit-cast/pins/pins_middleblock.p4:841:74: warning: missing terminating '"' character [-Winvalid-pp-token]
    @p4runtime_role("sdn_controller") @id(0x0200004D) @entry_restriction("
                                                                         ^
p4/test/program/well-typed-excluded/test-clarify/newtype-implicit-cast/pins/pins_middleblock.p4:844:3: warning: missing terminating '"' character [-Winvalid-pp-token]
  ") table disable_vlan_checks_table {
  ^
p4/test/program/well-typed-excluded/test-clarify/newtype-implicit-cast/pins/pins_middleblock.p4:1029:91: warning: missing terminating '"' character [-Winvalid-pp-token]
    @p4runtime_role("sdn_controller") @id(0x02000104) @sai_acl(EGRESS) @entry_restriction("
                                                                                          ^
p4/test/program/well-typed-excluded/test-clarify/newtype-implicit-cast/pins/pins_middleblock.p4:1051:3: warning: missing terminating '"' character [-Winvalid-pp-token]
  ") table acl_egress_table {
  ^
p4/test/program/well-typed-excluded/test-clarify/newtype-implicit-cast/pins/pins_middleblock.p4:1068:91: warning: missing terminating '"' character [-Winvalid-pp-token]
    @id(0x02000108) @sai_acl(EGRESS) @p4runtime_role("sdn_controller") @entry_restriction("
                                                                                          ^
p4/test/program/well-typed-excluded/test-clarify/newtype-implicit-cast/pins/pins_middleblock.p4:1080:3: warning: missing terminating '"' character [-Winvalid-pp-token]
  ") table acl_egress_dhcp_to_host_table {
  ^
p4/test/program/well-typed-excluded/test-clarify/newtype-implicit-cast/pins/pins_middleblock.p4:1161:113: warning: missing terminating '"' character [-Winvalid-pp-token]
    @p4runtime_role("sdn_controller") @id(0x02000100) @sai_acl(INGRESS) @sai_acl_priority(5) @entry_restriction("
                                                                                                                ^
p4/test/program/well-typed-excluded/test-clarify/newtype-implicit-cast/pins/pins_middleblock.p4:1198:3: warning: missing terminating '"' character [-Winvalid-pp-token]
  ") table acl_ingress_table {
  ^
p4/test/program/well-typed-excluded/test-clarify/newtype-implicit-cast/pins/pins_middleblock.p4:1231:114: warning: missing terminating '"' character [-Winvalid-pp-token]
    @id(0x02000107) @sai_acl(INGRESS) @sai_acl_priority(10) @p4runtime_role("sdn_controller") @entry_restriction("
                                                                                                                 ^
 .. / .. / .. / .. / pins - infra / sai_p4 / instantiations / google / acl_ingress . p4 :369:3: warning: missing terminating '"' character [-Winvalid-pp-token]
  ") table acl_ingress_qos_table {
  ^
 .. / .. / .. / .. / pins - infra / sai_p4 / instantiations / google / acl_ingress . p4 :394:113: warning: missing terminating '"' character [-Winvalid-pp-token]
    @p4runtime_role("sdn_controller") @id(0x02000109) @sai_acl_priority(7) @sai_acl(INGRESS) @entry_restriction("
                                                                                                                ^
 .. / .. / .. / .. / pins - infra / sai_p4 / instantiations / google / acl_ingress . p4 :404:3: warning: missing terminating '"' character [-Winvalid-pp-token]
  ") table acl_ingress_counting_table {
  ^
 .. / .. / .. / .. / pins - infra / sai_p4 / instantiations / google / acl_ingress . p4 :426:41: warning: missing terminating '"' character [-Winvalid-pp-token]
    @id(0x01000113) @action_restriction("
                                        ^
 .. / .. / .. / .. / pins - infra / sai_p4 / instantiations / google / acl_ingress . p4 :429:3: warning: missing terminating '"' character [-Winvalid-pp-token]
  ") action redirect_to_ipmc_group(@sai_action_param(SAI_ACL_ENTRY_ATTR_ACTION_REDIRECT) @sai_action_param_object_type(SAI_OBJECT_TYPE_IPMC_GROUP) @refers_to(builtin : : multicast_group_table , multicast_group_id) multicast_group_id_t multicast_group_id) {
  ^
 .. / .. / .. / .. / pins - infra / sai_p4 / instantiations / google / acl_ingress . p4 :434:114: warning: missing terminating '"' character [-Winvalid-pp-token]
    @id(0x0200010B) @sai_acl(INGRESS) @sai_acl_priority(15) @p4runtime_role("sdn_controller") @entry_restriction("
                                                                                                                 ^
 .. / .. / .. / .. / pins - infra / sai_p4 / instantiations / google / acl_ingress . p4 :445:3: warning: missing terminating '"' character [-Winvalid-pp-token]
  ") table acl_ingress_mirror_and_redirect_table {
  ^
 .. / .. / .. / .. / pins - infra / sai_p4 / instantiations / google / acl_ingress . p4 :465:114: warning: missing terminating '"' character [-Winvalid-pp-token]
    @id(0x0200010A) @sai_acl(INGRESS) @sai_acl_priority(20) @p4runtime_role("sdn_controller") @entry_restriction("
                                                                                                                 ^
 .. / .. / .. / .. / pins - infra / sai_p4 / instantiations / google / acl_ingress . p4 :490:3: warning: missing terminating '"' character [-Winvalid-pp-token]
  ") table acl_ingress_security_table {
  ^
 .. / .. / .. / .. / pins - infra / sai_p4 / instantiations / google / acl_ingress . p4 :550:118: warning: missing terminating '"' character [-Winvalid-pp-token]
    @p4runtime_role("sdn_controller") @id(0x02000101) @sai_acl(PRE_INGRESS) @sai_acl_priority(11) @entry_restriction("
                                                                                                                     ^
 .. / .. / .. / .. / pins - infra / sai_p4 / instantiations / google / acl_ingress . p4 :570:3: warning: missing terminating '"' character [-Winvalid-pp-token]
  ") table acl_pre_ingress_table {
  ^
 .. / .. / .. / .. / pins - infra / sai_p4 / instantiations / google / acl_ingress . p4 :590:117: warning: missing terminating '"' character [-Winvalid-pp-token]
    @id(0x02000105) @sai_acl(PRE_INGRESS) @p4runtime_role("sdn_controller") @sai_acl_priority(1) @entry_restriction("
                                                                                                                    ^
 .. / .. / .. / .. / pins - infra / sai_p4 / instantiations / google / acl_ingress . p4 :603:3: warning: missing terminating '"' character [-Winvalid-pp-token]
  ") table acl_pre_ingress_vlan_table {
  ^
 .. / .. / .. / .. / pins - infra / sai_p4 / instantiations / google / acl_ingress . p4 :619:117: warning: missing terminating '"' character [-Winvalid-pp-token]
    @id(0x02000106) @sai_acl(PRE_INGRESS) @p4runtime_role("sdn_controller") @sai_acl_priority(5) @entry_restriction("
                                                                                                                    ^
 .. / .. / .. / .. / pins - infra / sai_p4 / instantiations / google / acl_ingress . p4 :632:3: warning: missing terminating '"' character [-Winvalid-pp-token]
  ") table acl_pre_ingress_metadata_table {
  ^
32 warnings generated.
p4/test/program/well-typed-excluded/test-clarify/newtype-implicit-cast/pins/pins_wbb.p4:276:92: warning: missing terminating '"' character [-Winvalid-pp-token]
    @p4runtime_role("sdn_controller") @id(0x02000103) @sai_acl(INGRESS) @entry_restriction("
                                                                                           ^
p4/test/program/well-typed-excluded/test-clarify/newtype-implicit-cast/pins/pins_wbb.p4:305:3: warning: missing terminating '"' character [-Winvalid-pp-token]
  ") table acl_wbb_ingress_table {
  ^
2 warnings generated.
p4/test/program/well-typed-excluded/unsupported/custom-table-element/hit_ebpf.p4:20:10: fatal error: 'ebpf_headers.p4' file not found
#include "ebpf_headers.p4"
         ^~~~~~~~~~~~~~~~~
1 error generated.
p4/test/program/well-typed-excluded/unsupported/custom-table-element/issue2791_ebpf.p4:4:10: fatal error: 'ebpf_headers.p4' file not found
#include "ebpf_headers.p4"
         ^~~~~~~~~~~~~~~~~
1 error generated.
p4/test/program/well-typed-excluded/unsupported/custom-table-element/issue2793_ebpf.p4:20:10: fatal error: 'ebpf_headers.p4' file not found
#include "ebpf_headers.p4"
         ^~~~~~~~~~~~~~~~~
1 error generated.
p4/test/program/well-typed-excluded/unsupported/custom-table-element/issue2816-1_ebpf.p4:20:10: fatal error: 'ebpf_headers.p4' file not found
#include "ebpf_headers.p4"
         ^~~~~~~~~~~~~~~~~
1 error generated.
p4/test/program/well-typed-excluded/unsupported/custom-table-element/issue2816_ebpf.p4:4:10: fatal error: 'ebpf_headers.p4' file not found
#include "ebpf_headers.p4"
         ^~~~~~~~~~~~~~~~~
1 error generated.
p4/test/program/well-typed-excluded/unsupported/custom-table-element/issue870_ebpf.p4:20:10: fatal error: 'ebpf_headers.p4' file not found
#include "ebpf_headers.p4"
         ^~~~~~~~~~~~~~~~~
1 error generated.
p4/test/program/well-typed-excluded/unsupported/custom-table-element/key-issue-1020_ebpf.p4:4:10: fatal error: 'ebpf_headers.p4' file not found
#include "ebpf_headers.p4"
         ^~~~~~~~~~~~~~~~~
1 error generated.
p4/test/program/well-typed-excluded/unsupported/custom-table-element/key_ebpf.p4:4:10: fatal error: 'ebpf_headers.p4' file not found
#include "ebpf_headers.p4"
         ^~~~~~~~~~~~~~~~~
1 error generated.
p4/test/program/well-typed-excluded/unsupported/custom-table-element/lpm_ebpf.p4:20:10: fatal error: 'ebpf_headers.p4' file not found
#include "ebpf_headers.p4"
         ^~~~~~~~~~~~~~~~~
1 error generated.
p4/test/program/well-typed-excluded/unsupported/custom-table-element/stack_ebpf.p4:20:10: fatal error: 'ebpf_headers.p4' file not found
#include "ebpf_headers.p4"
         ^~~~~~~~~~~~~~~~~
1 error generated.
p4/test/program/well-typed-excluded/unsupported/custom-table-element/switch_ebpf.p4:20:10: fatal error: 'ebpf_headers.p4' file not found
#include "ebpf_headers.p4"
         ^~~~~~~~~~~~~~~~~
1 error generated.
p4/test/program/well-typed-excluded/unsupported/custom-table-element/ternary_ebpf.p4:18:10: fatal error: 'ebpf_headers.p4' file not found
#include "ebpf_headers.p4"
         ^~~~~~~~~~~~~~~~~
1 error generated.
p4/test/program/well-typed-excluded/unsupported/custom-table-element/test_ebpf.p4:20:10: fatal error: 'ebpf_headers.p4' file not found
#include "ebpf_headers.p4"
         ^~~~~~~~~~~~~~~~~
1 error generated.
p4/test/program/well-typed-excluded/unsupported/custom-table-element/two_ebpf.p4:20:10: fatal error: 'ebpf_headers.p4' file not found
#include "ebpf_headers.p4"
         ^~~~~~~~~~~~~~~~~
1 error generated.
p4/test/program/well-typed-excluded/unsupported/custom-table-element/valid_ebpf.p4:4:10: fatal error: 'ebpf_headers.p4' file not found
#include "ebpf_headers.p4"
         ^~~~~~~~~~~~~~~~~
1 error generated.
