test/program/pragma-string.p4:25:14: warning: missing terminating '"' character [-Winvalid-pp-token]
@pragma name "string with
             ^
test/program/pragma-string.p4:26:8: warning: missing terminating '"' character [-Winvalid-pp-token]
newline"
       ^
2 warnings generated.
test/program/string_anno.p4:21:7: warning: missing terminating '"' character [-Winvalid-pp-token]
@name("string with
      ^
test/program/string_anno.p4:22:8: warning: missing terminating '"' character [-Winvalid-pp-token]
newline") const bit d = 1;
       ^
2 warnings generated.
parser error: File test/program/tuple.p4, line 1, characters 7-8
parser error: File test/program/issue1062-bmv2.p4, line 20, characters 37-40
parser error: File test/program/constant-in-calculation-bmv2.p4, line 20, characters 37-40
parser error: File test/program/issue562-bmv2.p4, line 20, characters 37-40
parser error: File test/program/psa-action-profile4.p4, line 20, characters 37-40
parser error: File test/program/table-entries-optional-bmv2.p4, line 20, characters 37-40
parser error: File test/program/psa-counter3.p4, line 20, characters 37-40
parser error: File test/program/issue1304.p4, line 20, characters 37-40
parser error: File test/program/issue512.p4, line 20, characters 37-40
parser error: File test/program/issue-2123-3-bmv2.p4, line 20, characters 37-40
parser error: File test/program/issue510-bmv2.p4, line 20, characters 37-40
parser error: File test/program/issue355-bmv2.p4, line 20, characters 37-40
parser error: File test/program/issue1000-bmv2.p4, line 20, characters 37-40
parser error: File test/program/issue1989-bmv2.p4, line 20, characters 37-40
parser error: File test/program/simple-firewall_ubpf.p4, line 20, characters 37-40
parser error: File test/program/issue2289.p4, line 20, characters 37-40
parser error: File test/program/issue823.p4, line 20, characters 37-40
parser error: File test/program/issue692-bmv2.p4, line 20, characters 37-40
parser error: File test/program/strength4.p4, line 20, characters 37-40
parser error: File test/program/issue270-bmv2.p4, line 20, characters 37-40
parser error: File test/program/issue313_1.p4, line 2, characters 2-7
parser error: File test/program/issue995-bmv2.p4, line 20, characters 37-40
parser error: File test/program/psa-meter3.p4, line 20, characters 37-40
parser error: File test/program/pred.p4, line 20, characters 37-40
parser error: File test/program/issue447-bmv2.p4, line 20, characters 37-40
parser error: File test/program/named-arg1.p4, line 20, characters 37-40
parser error: File test/program/issue561-1-bmv2.p4, line 20, characters 37-40
parser error: File test/program/issue1937-1-bmv2.p4, line 20, characters 37-40
parser error: File test/program/v1model-const-entries-bmv2.p4, line 20, characters 37-40
parser error: File test/program/issue461-bmv2.p4, line 20, characters 37-40
parser error: File test/program/factory2.p4, line 20, characters 37-40
parser error: File test/program/basic_routing-bmv2.p4, line 20, characters 37-40
parser error: File test/program/match-on-exprs-bmv2.p4, line 20, characters 37-40
parser error: File test/program/standard_headers.p4, line 2, characters 2-9
parser error: File test/program/fold_match.p4, line 6, characters 28-29
parser error: File test/program/spec-ex18.p4, line 20, characters 37-40
parser error: File test/program/complex8.p4, line 20, characters 37-40
parser error: File test/program/issue803.p4, line 20, characters 37-40
parser error: File test/program/psa-action-selector3.p4, line 20, characters 37-40
parser error: File test/program/logging.p4, line 20, characters 37-40
parser error: File test/program/spec-ex08.p4, line 2, characters 0-1
parser error: File test/program/issue803-2.p4, line 20, characters 37-40
parser error: File test/program/ipv6-actions_ubpf.p4, line 20, characters 37-40
parser error: File test/program/issue1386.p4, line 20, characters 37-40
parser error: File test/program/issue1291-bmv2.p4, line 20, characters 37-40
parser error: File test/program/simplify.p4, line 20, characters 37-40
(TODO: transform_stmt) p.apply();

parser error: File test/program/twoPipe.p4, line 8, characters 0-1
parser error: File test/program/issue447-5-bmv2.p4, line 20, characters 37-40
parser error: File test/program/mask.p4, line 20, characters 37-40
parser error: File test/program/nested-tuple1.p4, line 2, characters 2-3
parser error: File test/program/test-parserinvalidargument-error-bmv2.p4, line 20, characters 37-40
parser error: File test/program/issue1097-2-bmv2.p4, line 20, characters 37-40
parser error: File test/program/header.p4, line 2, characters 2-4
parser error: File test/program/psa-action-profile1.p4, line 20, characters 37-40
parser error: File test/program/action_profile_max_group_size_annotation.p4, line 20, characters 37-40
parser error: File test/program/inline-switch.p4, line 27, characters 10-11
parser error: File test/program/intrinsic-bmv2.p4, line 20, characters 37-40
parser error: File test/program/issue1006.p4, line 5, characters 2-8
parser error: File test/program/annotation-bug.p4, line 20, characters 37-40
parser error: File test/program/specialization.p4, line 3, characters 2-3
parser error: File test/program/v1model-digest-custom-type.p4, line 20, characters 37-40
parser error: File test/program/index.p4, line 20, characters 37-40
parser error: File test/program/junk-prop-bmv2.p4, line 20, characters 37-40
parser error: File test/program/psa-counter6.p4, line 20, characters 37-40
parser error: File test/program/spec-ex19.p4, line 20, characters 37-40
parser error: File test/program/issue1210.p4, line 20, characters 37-40
parser error: File test/program/struct1.p4, line 2, characters 2-4
parser error: File test/program/psa-action-selector2.p4, line 20, characters 37-40
parser error: File test/program/spec-ex09.p4, line 2, characters 2-7
parser error: File test/program/issue422.p4, line 20, characters 37-40
parser error: File test/program/ebpf_headers.p4, line 4, characters 2-9
parser error: File test/program/issue803-3.p4, line 20, characters 37-40
parser error: File test/program/issue774.p4, line 20, characters 37-40
parser error: File test/program/p4rt_digest_complex.p4, line 20, characters 37-40
parser error: File test/program/issue2153-bmv2.p4, line 20, characters 37-40
parser error: File test/program/issue2225-bmv2.p4, line 20, characters 37-40
parser error: File test/program/issue933-1.p4, line 20, characters 37-40
(TODO: transform_stmt) myc.apply(hdr, meta, smeta);

parser error: File test/program/table-entries-range-bmv2.p4, line 20, characters 37-40
parser error: File test/program/issue1768-bmv2.p4, line 20, characters 37-40
parser error: File test/program/issue249.p4, line 20, characters 37-40
(TODO: transform_stmt) E.apply(hdr.ethernet.etherType);

parser error: File test/program/bitwise-and.p4, line 20, characters 37-40
parser error: File test/program/psa-meter6.p4, line 20, characters 37-40
parser error: File test/program/issue447-4-bmv2.p4, line 20, characters 37-40
parser error: File test/program/psa-random.p4, line 20, characters 37-40
parser error: File test/program/issue1814-1-bmv2.p4, line 20, characters 37-40
parser error: File test/program/unreachable.p4, line 20, characters 37-40
parser error: File test/program/issue1638.p4, line 20, characters 37-40
parser error: File test/program/key1-bmv2.p4, line 20, characters 37-40
parser error: File test/program/struct_init-1.p4, line 2, characters 2-4
parser error: File test/program/issue1882-bmv2.p4, line 20, characters 37-40
parser error: File test/program/issue1001-bmv2.p4, line 20, characters 37-40
parser error: File test/program/serenum.p4, line 20, characters 37-40
parser error: File test/program/issue2213-bmv2.p4, line 20, characters 37-40
parser error: File test/program/issue-2123-2-bmv2.p4, line 20, characters 37-40
parser error: File test/program/psa-counter2.p4, line 20, characters 37-40
parser error: File test/program/issue677-bmv2.p4, line 20, characters 37-40
parser error: File test/program/issue1829-4-bmv2.p4, line 20, characters 37-40
parser error: File test/program/pred1.p4, line 20, characters 37-40
parser error: File test/program/issue793.p4, line 20, characters 37-40
parser error: File test/program/concat-signed.p4, line 20, characters 37-40
parser error: File test/program/spec-ex29.p4, line 20, characters 37-40
parser error: File test/program/p416-type-use3.p4, line 20, characters 37-40
parser error: File test/program/alias.p4, line 2, characters 2-3
parser error: File test/program/bitwise-cast.p4, line 20, characters 37-40
parser error: File test/program/hashext2.p4, line 6, characters 2-4
parser error: File test/program/issue822.p4, line 20, characters 37-40
parser error: File test/program/issue2148.p4, line 20, characters 37-40
parser error: File test/program/issue933.p4, line 20, characters 37-40
parser error: File test/program/arith-bmv2.p4, line 20, characters 37-40
parser error: File test/program/union1-bmv2.p4, line 20, characters 37-40
parser error: File test/program/inline-bmv2.p4, line 20, characters 37-40
parser error: File test/program/v1model-p4runtime-most-types1.p4, line 20, characters 37-40
parser error: File test/program/issue655.p4, line 20, characters 37-40
parser error: File test/program/issue1814-bmv2.p4, line 20, characters 37-40
parser error: File test/program/issue1097-bmv2.p4, line 20, characters 37-40
parser error: File test/program/def-use.p4, line 20, characters 37-40
parser error: File test/program/union-valid-bmv2.p4, line 20, characters 37-40
parser error: File test/program/version.p4, line 2, characters 2-7
parser error: File test/program/valid_ebpf.p4, line 20, characters 37-40
parser error: File test/program/valid.p4, line 2, characters 2-3
parser error: File test/program/issue1713-bmv2.p4, line 20, characters 37-40
parser error: File test/program/flowlet_switching-bmv2.p4, line 20, characters 37-40
parser error: File test/program/header-bool-bmv2.p4, line 20, characters 37-40
parser error: File test/program/spec-ex16.p4, line 20, characters 37-40
parser error: File test/program/verify-bmv2.p4, line 20, characters 37-40
parser error: File test/program/issue2314.p4, line 20, characters 37-40
parser error: File test/program/action_call_table_ebpf.p4, line 20, characters 37-40
parser error: File test/program/issue1755-bmv2.p4, line 20, characters 37-40
parser error: File test/program/issue2102.p4, line 20, characters 37-40
parser error: File test/program/select-type.p4, line 7, characters 22-23
parser error: File test/program/issue1955.p4, line 20, characters 37-40
parser error: File test/program/structArg.p4, line 2, characters 2-3
parser error: File test/program/rcp1.p4, line 20, characters 37-40
parser error: File test/program/arith4-bmv2.p4, line 20, characters 37-40
(TODO: transform_stmt) c.apply();

parser error: File test/program/issue281.p4, line 20, characters 37-40
parser error: File test/program/functors.p4, line 20, characters 37-40
parser error: File test/program/stack-bmv2.p4, line 20, characters 37-40
parser error: File test/program/subparser-with-header-stack-bmv2.p4, line 20, characters 37-40
parser error: File test/program/interface.p4, line 20, characters 37-40
parser error: File test/program/issue870_ebpf.p4, line 20, characters 37-40
parser error: File test/program/issue1524.p4, line 20, characters 37-40
parser error: File test/program/issue486-bmv2.p4, line 20, characters 37-40
parser error: File test/program/custom-type-restricted-fields.p4, line 20, characters 37-40
parser error: File test/program/unreachable-accept.p4, line 20, characters 37-40
parser error: File test/program/nested-tuple.p4, line 2, characters 2-3
parser error: File test/program/interface2.p4, line 20, characters 37-40
parser error: File test/program/16.2Example.p4, line 20, characters 37-40
parser error: File test/program/issue1670-bmv2.p4, line 20, characters 37-40
parser error: File test/program/issue1660-bmv2.p4, line 20, characters 37-40
parser error: File test/program/parser_error-bmv2.p4, line 20, characters 37-40
parser error: File test/program/issue1025-bmv2.p4, line 20, characters 37-40
parser error: File test/program/issue1520-bmv2.p4, line 20, characters 37-40
parser error: File test/program/issue356-bmv2.p4, line 20, characters 37-40
parser error: File test/program/mux-bmv2.p4, line 20, characters 37-40
parser error: File test/program/issue1765-1-bmv2.p4, line 20, characters 37-40
parser error: File test/program/complex2.p4, line 3, characters 2-3
parser error: File test/program/issue297-bmv2.p4, line 20, characters 37-40
parser error: File test/program/issue949.p4, line 20, characters 37-40
parser error: File test/program/issue2190.p4, line 20, characters 37-40
parser error: File test/program/spec-ex12.p4, line 2, characters 0-1
parser error: File test/program/array_field1.p4, line 2, characters 2-3
parser error: File test/program/chain.p4, line 20, characters 37-40
parser error: File test/program/simplify_slice.p4, line 20, characters 37-40
(TODO: transform_stmt) Tcp_option_parser.apply(packet, hdr.tcp.dataOffset, hdr.tcp_options_vec, hdr.tcp_options_padding);

parser error: File test/program/issue561-2-bmv2.p4, line 20, characters 37-40
(TODO: transform_stmt) foo.apply(hdr.h1.f1, hdr.h1.f1);

parser error: File test/program/issue47.p4, line 2, characters 10-11
parser error: File test/program/issue242.p4, line 20, characters 37-40
parser error: File test/program/issue2287-bmv2.p4, line 20, characters 37-40
parser error: File test/program/parser-arg.p4, line 20, characters 37-40
parser error: File test/program/issue986-bmv2.p4, line 20, characters 37-40
parser error: File test/program/x-bmv2.p4, line 20, characters 37-40
parser error: File test/program/union3-bmv2.p4, line 20, characters 37-40
parser error: File test/program/spec-ex27.p4, line 20, characters 37-40
parser error: File test/program/issue1653-complex-bmv2.p4, line 20, characters 37-40
parser error: File test/program/tuple2.p4, line 5, characters 4-5
parser error: File test/program/issue2176-bmv2.p4, line 20, characters 37-40
parser error: File test/program/count_ebpf.p4, line 20, characters 37-40
parser error: File test/program/issue529.p4, line 2, characters 2-3
parser error: File test/program/spec-ex13.p4, line 3, characters 2-7
parser error: File test/program/psa-hash.p4, line 20, characters 37-40
parser error: File test/program/enum-bmv2.p4, line 20, characters 37-40
parser error: File test/program/issue1997.p4, line 20, characters 37-40
parser error: File test/program/nested_if_else.p4, line 20, characters 37-40
parser error: File test/program/nested_select.p4, line 20, characters 37-40
parser error: File test/program/union-key.p4, line 20, characters 37-40
(TODO: transform_stmt) foo.apply(hdr.h1.f1, hdr.h1.f1);

parser error: File test/program/issue561-3-bmv2.p4, line 20, characters 37-40
parser error: File test/program/arch1.p4, line 20, characters 37-40
parser error: File test/program/issue2090.p4, line 20, characters 37-40
parser error: File test/program/cast-senum.p4, line 20, characters 37-40
parser error: File test/program/psa-register1.p4, line 20, characters 37-40
parser error: File test/program/psa-example-counters-bmv2.p4, line 20, characters 37-40
parser error: File test/program/union2-bmv2.p4, line 20, characters 37-40
parser error: File test/program/unused-counter-bmv2.p4, line 20, characters 37-40
parser error: File test/program/issue1127-bmv2.p4, line 20, characters 37-40
parser error: File test/program/uninit.p4, line 20, characters 37-40
parser error: File test/program/issue1079-bmv2.p4, line 20, characters 37-40
parser error: File test/program/spec-ex17.p4, line 20, characters 37-40
parser error: File test/program/hash-bmv2.p4, line 20, characters 37-40
parser error: File test/program/generic_fun.p4, line 2, characters 2-3
parser error: File test/program/issue774-4-bmv2.p4, line 20, characters 37-40
parser error: File test/program/issue2261.p4, line 20, characters 37-40
parser error: File test/program/issue1717.p4, line 2, characters 2-9
parser error: File test/program/arith5-bmv2.p4, line 20, characters 37-40
parser error: File test/program/saturated-bmv2.p4, line 20, characters 37-40
parser error: File test/program/nested_if_statement.p4, line 20, characters 37-40
parser error: File test/program/table-entries-priority-bmv2.p4, line 20, characters 37-40
parser error: File test/program/array-copy-bmv2.p4, line 20, characters 37-40
parser error: File test/program/issue1535.p4, line 20, characters 37-40
parser error: File test/program/select-struct.p4, line 20, characters 37-40
parser error: File test/program/issue323.p4, line 20, characters 37-40
parser error: File test/program/issue1205-bmv2.p4, line 20, characters 37-40
parser error: File test/program/pvs-bitstring-bmv2.p4, line 20, characters 37-40
parser error: File test/program/stack_ebpf.p4, line 20, characters 37-40
parser error: File test/program/issue1540.p4, line 20, characters 37-40
parser error: File test/program/inline-stack-bmv2.p4, line 20, characters 37-40
parser error: File test/program/default-package-argument.p4, line 2, characters 2-4
parser error: File test/program/cases.p4, line 28, characters 9-10
parser error: File test/program/table-entries-exact-bmv2.p4, line 20, characters 37-40
parser error: File test/program/serenum-casts.p4, line 2, characters 6-7
parser error: File test/program/copy.p4, line 2, characters 2-3
parser error: File test/program/issue361-bmv2.p4, line 20, characters 37-40
parser error: File test/program/match-on-exprs2-bmv2.p4, line 20, characters 37-40
parser error: File test/program/issue1517-bmv2.p4, line 20, characters 37-40
parser error: File test/program/issue1352-bmv2.p4, line 20, characters 37-40
parser error: File test/program/crash-typechecker.p4, line 3, characters 2-5
parser error: File test/program/issue2104-1.p4, line 20, characters 37-40
parser error: File test/program/issue2127.p4, line 20, characters 37-40
parser error: File test/program/std_meta_inlining.p4, line 20, characters 37-40
parser error: File test/program/initializers.p4, line 20, characters 37-40
parser error: File test/program/issue2155.p4, line 20, characters 37-40
parser error: File test/program/issue2104.p4, line 20, characters 37-40
parser error: File test/program/issue447-2-bmv2.p4, line 20, characters 37-40
parser error: File test/program/spec-ex10.p4, line 2, characters 0-1
parser error: File test/program/issue1043-bmv2.p4, line 20, characters 37-40
parser error: File test/program/issue891-bmv2.p4, line 20, characters 37-40
parser error: File test/program/tuple1.p4, line 5, characters 4-5
parser error: File test/program/issue1325-bmv2.p4, line 20, characters 37-40
parser error: File test/program/issue407-2.p4, line 20, characters 37-40
parser error: File test/program/issue648.p4, line 20, characters 37-40
parser error: File test/program/issue635-bmv2.p4, line 20, characters 37-40
parser error: File test/program/issue1560-bmv2.p4, line 20, characters 37-40
parser error: File test/program/action_selector_unused-bmv2.p4, line 20, characters 37-40
parser error: File test/program/issue1876.p4, line 20, characters 37-40
parser error: File test/program/issue364-bmv2.p4, line 20, characters 37-40
parser error: File test/program/cast-senum-senum.p4, line 2, characters 6-7
parser error: File test/program/issue1879-bmv2.p4, line 20, characters 37-40
parser error: File test/program/checksum3-bmv2.p4, line 20, characters 37-40
parser error: File test/program/equality-varbit-bmv2.p4, line 20, characters 37-40
parser error: File test/program/issue414-bmv2.p4, line 20, characters 37-40
parser error: File test/program/crc32-bmv2.p4, line 20, characters 37-40
parser error: File test/program/init_ebpf.p4, line 20, characters 37-40
parser error: File test/program/arch2.p4, line 20, characters 37-40
parser error: File test/program/issue1824-bmv2.p4, line 20, characters 37-40
parser error: File test/program/scalarmeta-bmv2.p4, line 20, characters 37-40
parser error: File test/program/issue1834-bmv2.p4, line 20, characters 37-40
parser error: File test/program/key_ebpf.p4, line 20, characters 37-40
parser error: File test/program/pvs-struct-2-bmv2.p4, line 20, characters 37-40
parser error: File test/program/issue396.p4, line 2, characters 2-3
parser error: File test/program/empty-bmv2.p4, line 20, characters 37-40
parser error: File test/program/control-as-param.p4, line 20, characters 37-40
parser error: File test/program/table-entries-exact-ternary-bmv2.p4, line 20, characters 37-40
parser error: File test/program/psa-register2.p4, line 20, characters 37-40
parser error: File test/program/issue2213.p4, line 2, characters 2-4
parser error: File test/program/struct_init.p4, line 2, characters 2-4
parser error: File test/program/equality.p4, line 2, characters 2-3
parser error: File test/program/spec-ex14.p4, line 3, characters 2-7
parser error: File test/program/psa-test.p4, line 20, characters 37-40
parser error: File test/program/spec-ex20.p4, line 20, characters 37-40
parser error: File test/program/stack_complex-bmv2.p4, line 20, characters 37-40
parser error: File test/program/decl-soundness.p4, line 20, characters 37-40
parser error: File test/program/issue561-6-bmv2.p4, line 20, characters 37-40
parser error: File test/program/issue1208-1.p4, line 20, characters 37-40
parser error: File test/program/issue314.p4, line 20, characters 37-40
parser error: File test/program/arith2-inline-bmv2.p4, line 20, characters 37-40
parser error: File test/program/names.p4, line 2, characters 2-3
parser error: File test/program/issue272-1-bmv2.p4, line 20, characters 37-40
parser error: File test/program/issue914-bmv2.p4, line 20, characters 37-40
parser error: File test/program/hashext.p4, line 6, characters 2-4
parser error: File test/program/default.p4, line 20, characters 37-40
parser error: File test/program/issue1642-bmv2.p4, line 20, characters 37-40
parser error: File test/program/named_meter_1-bmv2.p4, line 20, characters 37-40
parser error: File test/program/issue1466.p4, line 2, characters 2-3
parser error: File test/program/issue1544-1-bmv2.p4, line 20, characters 37-40
parser error: File test/program/issue1882-1-bmv2.p4, line 20, characters 37-40
parser error: File test/program/issue1630-bmv2.p4, line 20, characters 37-40
parser error: File test/program/action-synth.p4, line 20, characters 37-40
parser error: File test/program/v1model-special-ops-bmv2.p4, line 20, characters 37-40
parser error: File test/program/spec-ex30.p4, line 2, characters 0-1
parser error: File test/program/parser-locals2.p4, line 20, characters 37-40
parser error: File test/program/psa-portid-using-newtype2.p4, line 20, characters 37-40
parser error: File test/program/pr1363.p4, line 20, characters 37-40
parser error: File test/program/table-key-serenum.p4, line 20, characters 37-40
parser error: File test/program/slice-def-use.p4, line 20, characters 37-40
parser error: File test/program/spec-ex15.p4, line 20, characters 37-40
parser error: File test/program/value-sets.p4, line 20, characters 37-40
parser error: File test/program/issue561-7-bmv2.p4, line 20, characters 37-40
parser error: File test/program/ex1.p4, line 3, characters 2-3
parser error: File test/program/initialize_generic.p4, line 20, characters 37-40
parser error: File test/program/issue983-bmv2.p4, line 20, characters 37-40
parser error: File test/program/issue737-bmv2.p4, line 20, characters 37-40
parser error: File test/program/issue2343-bmv2.p4, line 20, characters 37-40
(TODO: transform_stmt) E.apply(hdr.ethernet.etherType);

parser error: File test/program/issue1595.p4, line 20, characters 37-40
parser error: File test/program/hit-expr-bmv2.p4, line 20, characters 37-40
parser error: File test/program/nested_if_lvalue_dependencies.p4, line 20, characters 37-40
parser error: File test/program/side_effects.p4, line 4, characters 2-3
parser error: File test/program/runtime-index-2-bmv2.p4, line 20, characters 37-40
parser error: File test/program/issue-2123.p4, line 20, characters 37-40
parser error: File test/program/issue1653-bmv2.p4, line 20, characters 37-40
parser error: File test/program/issue1863.p4, line 2, characters 2-3
parser error: File test/program/issue1806.p4, line 20, characters 37-40
parser error: File test/program/default_action-bmv2.p4, line 20, characters 37-40
parser error: File test/program/interface1.p4, line 20, characters 37-40
parser error: File test/program/spec-ex31.p4, line 20, characters 37-40
parser error: File test/program/issue2356.p4, line 20, characters 37-40
parser error: File test/program/calc-ebpf.p4, line 20, characters 37-40
parser error: File test/program/issue1607-bmv2.p4, line 20, characters 37-40
parser error: File test/program/psa-example-parser-checksum.p4, line 20, characters 37-40
parser error: File test/program/drop-bmv2.p4, line 20, characters 37-40
parser error: File test/program/bvec_union-bmv2.p4, line 20, characters 37-40
parser error: File test/program/issue1409-bmv2.p4, line 20, characters 37-40
parser error: File test/program/issue2036-3.p4, line 2, characters 2-3
parser error: File test/program/issue2105.p4, line 20, characters 37-40
parser error: File test/program/stack.p4, line 20, characters 37-40
parser error: File test/program/stack2.p4, line 20, characters 37-40
parser error: File test/program/count_add_ebpf.p4, line 20, characters 37-40
parser error: File test/program/tuple0.p4, line 1, characters 16-17
parser error: File test/program/issue447-3-bmv2.p4, line 20, characters 37-40
parser error: File test/program/issue1193-bmv2.p4, line 20, characters 37-40
parser error: File test/program/issue407-3.p4, line 20, characters 37-40
parser error: File test/program/psa-example-digest-bmv2.p4, line 20, characters 37-40
parser error: File test/program/tlv.p4, line 20, characters 37-40
parser error: File test/program/checksum2-bmv2.p4, line 20, characters 37-40
parser error: File test/program/assign.p4, line 2, characters 2-7
parser error: File test/program/key-bmv2.p4, line 20, characters 37-40
(TODO: transform_stmt) foo.apply(hdr.f1, hdr.f1);

parser error: File test/program/inline1-bmv2.p4, line 20, characters 37-40
parser error: File test/program/highorder.p4, line 20, characters 37-40
parser error: File test/program/stack-bvec-bmv2.p4, line 20, characters 37-40
parser error: File test/program/header-bmv2.p4, line 20, characters 37-40
parser error: File test/program/test_ebpf.p4, line 20, characters 37-40
parser error: File test/program/newtype2.p4, line 20, characters 37-40
parser error: File test/program/psa-fwd-bmv2.p4, line 20, characters 37-40
parser error: File test/program/issue210.p4, line 20, characters 37-40
parser error: File test/program/pvs-struct-3-bmv2.p4, line 20, characters 37-40
parser error: File test/program/arch3.p4, line 20, characters 37-40
parser error: File test/program/bool_ebpf.p4, line 20, characters 37-40
parser error: File test/program/array_field.p4, line 2, characters 2-3
parser error: File test/program/issue1406.p4, line 20, characters 37-40
parser error: File test/program/psa-register3.p4, line 20, characters 37-40
parser error: File test/program/issue232-bmv2.p4, line 20, characters 37-40
parser error: File test/program/issue2303.p4, line 20, characters 37-40
parser error: File test/program/issue1755-1-bmv2.p4, line 20, characters 37-40
parser error: File test/program/chain1.p4, line 20, characters 37-40
parser error: File test/program/issue986-1-bmv2.p4, line 20, characters 37-40
parser error: File test/program/arith1-bmv2.p4, line 20, characters 37-40
parser error: File test/program/union4-bmv2.p4, line 20, characters 37-40
parser error: File test/program/psa-action-profile2.p4, line 20, characters 37-40
parser error: File test/program/issue1412-bmv2.p4, line 20, characters 37-40
parser error: File test/program/issue272-2-bmv2.p4, line 20, characters 37-40
parser error: File test/program/rcp.p4, line 20, characters 37-40
parser error: File test/program/hash_ubpf.p4, line 20, characters 37-40
parser error: File test/program/table-entries-ser-enum-bmv2.p4, line 20, characters 37-40
parser error: File test/program/slice-def-use1.p4, line 20, characters 37-40
parser error: File test/program/psa-example-register2-bmv2.p4, line 20, characters 37-40
parser error: File test/program/issue1538.p4, line 20, characters 37-40
parser error: File test/program/issue696-bmv2.p4, line 20, characters 37-40
parser error: File test/program/concat-bmv2.p4, line 20, characters 37-40
parser error: File test/program/issue561-5-bmv2.p4, line 20, characters 37-40
parser error: File test/program/arith-inline-bmv2.p4, line 20, characters 37-40
parser error: File test/program/action_selector_shared-bmv2.p4, line 20, characters 37-40
parser error: File test/program/issue430-1-bmv2.p4, line 20, characters 37-40
parser error: File test/program/issue794.p4, line 20, characters 37-40
(TODO: transform_stmt) InnerParser.apply(pkt, hdr);

parser error: File test/program/shadow-after-use.p4, line 20, characters 37-40
parser error: File test/program/issue2248.p4, line 20, characters 37-40
parser error: File test/program/issue561.p4, line 2, characters 2-3
parser error: File test/program/issue951.p4, line 20, characters 37-40
parser error: File test/program/noMatch.p4, line 20, characters 37-40
parser error: File test/program/psa-action-selector1.p4, line 20, characters 37-40
parser error: File test/program/issue887.p4, line 20, characters 37-40
parser error: File test/program/action_profile-bmv2.p4, line 20, characters 37-40
parser error: File test/program/issue1897-bmv2.p4, line 20, characters 37-40
parser error: File test/program/register-serenum.p4, line 20, characters 37-40
parser error: File test/program/issue2265-1.p4, line 1, characters 19-20
parser error: File test/program/states.p4, line 20, characters 37-40
parser error: File test/program/issue2170-bmv2.p4, line 20, characters 37-40
parser error: File test/program/issue1544-2-bmv2.p4, line 20, characters 37-40
parser error: File test/program/key-issue-1020_ebpf.p4, line 20, characters 37-40
parser error: File test/program/issue1739-bmv2.p4, line 20, characters 37-40
parser error: File test/program/issue1062-1-bmv2.p4, line 20, characters 37-40
parser error: File test/program/issue584-1.p4, line 20, characters 37-40
parser error: File test/program/reject.p4, line 20, characters 37-40
parser error: File test/program/psa-meter5.p4, line 20, characters 37-40
parser error: File test/program/issue907-bmv2.p4, line 20, characters 37-40
parser error: File test/program/cast-list-expr.p4, line 2, characters 2-3
parser error: File test/program/switch_ebpf.p4, line 20, characters 37-40
parser error: File test/program/v1model-digest-containing-ser-enum.p4, line 20, characters 37-40
parser error: File test/program/psa-counter1.p4, line 20, characters 37-40
parser error: File test/program/ipv6-switch-ml-bmv2.p4, line 20, characters 37-40
parser error: File test/program/issue447-1-bmv2.p4, line 20, characters 37-40
parser error: File test/program/pred2.p4, line 20, characters 37-40
parser error: File test/program/functors1.p4, line 20, characters 37-40
parser error: File test/program/issue982.p4, line 20, characters 37-40
parser error: File test/program/multicast-bmv2.p4, line 20, characters 37-40
parser error: File test/program/same_name_for_table_and_action.p4, line 20, characters 37-40
parser error: File test/program/list-compare.p4, line 1, characters 7-8
parser error: File test/program/runtime-index-bmv2.p4, line 20, characters 37-40
parser error: File test/program/strength6.p4, line 20, characters 37-40
parser error: File test/program/parse.p4, line 2, characters 0-1
parser error: File test/program/inline-parser.p4, line 20, characters 37-40
parser error: File test/program/ml-headers.p4, line 13, characters 2-9
parser error: File test/program/issue313_3.p4, line 2, characters 2-7
parser error: File test/program/emptyTuple.p4, line 1, characters 7-8
parser error: File test/program/arith3-bmv2.p4, line 20, characters 37-40
parser error: File test/program/issue955.p4, line 20, characters 37-40
parser error: File test/program/psa-meter1.p4, line 20, characters 37-40
parser error: File test/program/issue383-bmv2.p4, line 20, characters 37-40
parser error: File test/program/free-form-annotation.p4, line 20, characters 37-40
parser error: File test/program/issue134-bmv2.p4, line 20, characters 37-40
parser error: File test/program/table-entries-valid-bmv2.p4, line 20, characters 37-40
parser error: File test/program/issue2221-bmv2.p4, line 20, characters 37-40
parser error: File test/program/two_ebpf.p4, line 20, characters 37-40
parser error: File test/program/lj_example.p4, line 20, characters 37-40
parser error: File test/program/issue1478-bmv2.p4, line 20, characters 37-40
parser error: File test/program/issue655-bmv2.p4, line 20, characters 37-40
parser error: File test/program/checksum1-bmv2.p4, line 20, characters 37-40
parser error: File test/program/struct.p4, line 2, characters 2-4
parser error: File test/program/bvec-hdr-bmv2.p4, line 20, characters 37-40
parser error: File test/program/issue496.p4, line 20, characters 37-40
parser error: File test/program/union-bmv2.p4, line 20, characters 37-40
parser error: File test/program/header-stack-ops-bmv2.p4, line 20, characters 37-40
parser error: File test/program/equality-bmv2.p4, line 20, characters 37-40
parser error: File test/program/vss-example.p4, line 20, characters 37-40
parser error: File test/program/const.p4, line 7, characters 2-3
parser error: File test/program/issue1333.p4, line 20, characters 37-40
parser error: File test/program/action_call_ebpf.p4, line 20, characters 37-40
parser error: File test/program/arith2-bmv2.p4, line 20, characters 37-40
parser error: File test/program/issue298-bmv2.p4, line 20, characters 37-40
parser error: File test/program/unused.p4, line 20, characters 37-40
parser error: File test/program/duplicateMethod.p4, line 2, characters 0-1
parser error: File test/program/ternary2-bmv2.p4, line 20, characters 37-40
parser error: File test/program/precedence.p4, line 2, characters 2-3
parser error: File test/program/issue313_2.p4, line 2, characters 2-7
parser error: File test/program/issue2213-1.p4, line 2, characters 2-4
parser error: File test/program/match.p4, line 20, characters 37-40
parser error: File test/program/hit_ebpf.p4, line 20, characters 37-40
parser error: File test/program/declarations.p4, line 2, characters 2-4
parser error: File test/program/table-entries-ternary-bmv2.p4, line 20, characters 37-40
parser error: File test/program/hit-expr.p4, line 20, characters 37-40
parser error: File test/program/named_meter_bmv2.p4, line 20, characters 37-40
parser error: File test/program/extern-funcs-bmv2.p4, line 20, characters 37-40
parser error: File test/program/psa-action-profile3.p4, line 20, characters 37-40
parser error: File test/program/parser-conditional.p4, line 20, characters 37-40
parser error: File test/program/structured_annotations.p4, line 20, characters 37-40
parser error: File test/program/pvs.p4, line 20, characters 37-40
parser error: File test/program/default-control-argument.p4, line 2, characters 2-4
parser error: File test/program/issue2044-bmv2.p4, line 20, characters 37-40
parser error: File test/program/factory1.p4, line 20, characters 37-40
parser error: File test/program/issue430-bmv2.p4, line 20, characters 37-40
parser error: File test/program/issue1765-bmv2.p4, line 20, characters 37-40
parser error: File test/program/newtype.p4, line 20, characters 37-40
parser error: File test/program/functors4.p4, line 20, characters 37-40
parser error: File test/program/issue561-4-bmv2.p4, line 20, characters 37-40
parser error: File test/program/issue2208.p4, line 20, characters 37-40
parser error: File test/program/issue2291-bmv2.p4, line 20, characters 37-40
parser error: File test/program/psa-counter4.p4, line 20, characters 37-40
parser error: File test/program/table-entries-lpm-bmv2.p4, line 20, characters 37-40
parser error: File test/program/issue420.p4, line 20, characters 37-40
parser error: File test/program/default2.p4, line 20, characters 37-40
parser error: File test/program/issue1544-bmv2.p4, line 20, characters 37-40
parser error: File test/program/issue841.p4, line 20, characters 37-40
parser error: File test/program/parser-locals.p4, line 20, characters 37-40
(TODO: transform_stmt) p.apply();

parser error: File test/program/psa-custom-type-counter-index.p4, line 20, characters 37-40
parser error: File test/program/shadow3.p4, line 2, characters 0-1
parser error: File test/program/flag_lost-bmv2.p4, line 20, characters 37-40
parser error: File test/program/strength3.p4, line 20, characters 37-40
parser error: File test/program/issue1781-bmv2.p4, line 20, characters 37-40
parser error: File test/program/lpm_ebpf.p4, line 20, characters 37-40
parser error: File test/program/issue638-1.p4, line 20, characters 37-40
parser error: File test/program/recursive-casts.p4, line 20, characters 37-40
parser error: File test/program/psa-meter4.p4, line 20, characters 37-40
