Running typecheck tests on 299 files

Error while typechecking p4 file: test/program/ill-typed/accept_e.p4
Error while typechecking p4 file: test/program/ill-typed/action-bind.p4
Error while typechecking p4 file: test/program/ill-typed/action-bind1.p4
Error while typechecking p4 file: test/program/ill-typed/action-bind2.p4
Error while typechecking p4 file: test/program/ill-typed/action-bind3.p4
Error while parsing p4 file: test/program/ill-typed/action-named-default-bmv2.p4
Typecheck success: test/program/ill-typed/annotation.p4
Error while typechecking p4 file: test/program/ill-typed/assign.p4
Error while typechecking p4 file: test/program/ill-typed/binary_e.p4
Error while typechecking p4 file: test/program/ill-typed/bitExtract_e.p4
Typecheck success: test/program/ill-typed/call-table.p4
Error while typechecking p4 file: test/program/ill-typed/call1_e.p4
Error while typechecking p4 file: test/program/ill-typed/conditional_e.p4
Error while typechecking p4 file: test/program/ill-typed/const.p4
Error while typechecking p4 file: test/program/ill-typed/const1_e.p4
Error while typechecking p4 file: test/program/ill-typed/const_e.p4
Error while parsing p4 file: test/program/ill-typed/constructor1_e.p4
Error while typechecking p4 file: test/program/ill-typed/constructor2_e.p4
Error while typechecking p4 file: test/program/ill-typed/constructor3_e.p4
Typecheck success: test/program/ill-typed/constructor_e.p4
Error while typechecking p4 file: test/program/ill-typed/control-inline.p4
Typecheck success: test/program/ill-typed/control-verify.p4
Error while parsing p4 file: test/program/ill-typed/default-initializer-err.p4
Error while typechecking p4 file: test/program/ill-typed/default-last-switch.p4
Typecheck success: test/program/ill-typed/default-param.p4
Error while typechecking p4 file: test/program/ill-typed/default_action.p4
Error while typechecking p4 file: test/program/ill-typed/default_action1.p4
Error while typechecking p4 file: test/program/ill-typed/directionless.p4
Typecheck success: test/program/ill-typed/div.p4
Error while typechecking p4 file: test/program/ill-typed/div0.p4
Error while typechecking p4 file: test/program/ill-typed/div1.p4
Error while typechecking p4 file: test/program/ill-typed/div3.p4
Typecheck success: test/program/ill-typed/dup-param.p4
Error while typechecking p4 file: test/program/ill-typed/dup-param1.p4
Error while typechecking p4 file: test/program/ill-typed/dup-param2.p4
Error while typechecking p4 file: test/program/ill-typed/dup-param3.p4
Typecheck success: test/program/ill-typed/dupConst.p4
Typecheck success: test/program/ill-typed/duplicate-label.p4
Error while typechecking p4 file: test/program/ill-typed/enumCast.p4
Error while typechecking p4 file: test/program/ill-typed/equality-fail.p4
Error while parsing p4 file: test/program/ill-typed/expression_e.p4
Typecheck success: test/program/ill-typed/extern.p4
Typecheck success: test/program/ill-typed/extract.p4
Typecheck success: test/program/ill-typed/extract1.p4
Error while typechecking p4 file: test/program/ill-typed/factory-err2.p4
Error while typechecking p4 file: test/program/ill-typed/function1_e.p4
Error while typechecking p4 file: test/program/ill-typed/function_e.p4
Error while typechecking p4 file: test/program/ill-typed/function_e1.p4
Typecheck success: test/program/ill-typed/function_e2.p4
Error while parsing p4 file: test/program/ill-typed/functors2_e.p4
Error while typechecking p4 file: test/program/ill-typed/functors3_e.p4
Error while typechecking p4 file: test/program/ill-typed/generic1_e.p4
Error while parsing p4 file: test/program/ill-typed/globalVar_e.p4
Error while parsing p4 file: test/program/ill-typed/header1_e.p4
Error while typechecking p4 file: test/program/ill-typed/header2_e.p4
Error while typechecking p4 file: test/program/ill-typed/header3.p4
Error while typechecking p4 file: test/program/ill-typed/implicit.p4
Error while typechecking p4 file: test/program/ill-typed/incorrect-label.p4
Error while parsing p4 file: test/program/ill-typed/init-entries-error1-bmv2.p4
Error while parsing p4 file: test/program/ill-typed/init-entries-error2-bmv2.p4
Error while parsing p4 file: test/program/ill-typed/init-entries-error3-bmv2.p4
Error while typechecking p4 file: test/program/ill-typed/inro.p4
Error while typechecking p4 file: test/program/ill-typed/interface1_e.p4
Error while typechecking p4 file: test/program/ill-typed/interface_e.p4
Error while parsing p4 file: test/program/ill-typed/invalid-invalid.p4
Typecheck success: test/program/ill-typed/issue-2123_e.p4
Error while typechecking p4 file: test/program/ill-typed/issue1006-1.p4
Error while typechecking p4 file: test/program/ill-typed/issue1059.p4
Error while parsing p4 file: test/program/ill-typed/issue1202.p4
Typecheck success: test/program/ill-typed/issue122.p4
Error while typechecking p4 file: test/program/ill-typed/issue1230.p4
Typecheck success: test/program/ill-typed/issue1296.p4
Typecheck success: test/program/ill-typed/issue1331.p4
Error while parsing p4 file: test/program/ill-typed/issue1336.p4
Error while typechecking p4 file: test/program/ill-typed/issue1542.p4
Error while typechecking p4 file: test/program/ill-typed/issue1557-bmv2.p4
Typecheck success: test/program/ill-typed/issue1580.p4
Typecheck success: test/program/ill-typed/issue1732.p4
Error while typechecking p4 file: test/program/ill-typed/issue1777-bmv2.p4
Typecheck success: test/program/ill-typed/issue1803_same_table_name.p4
Typecheck success: test/program/ill-typed/issue1932-1.p4
Typecheck success: test/program/ill-typed/issue1932-2.p4
Typecheck success: test/program/ill-typed/issue1932.p4
Error while typechecking p4 file: test/program/ill-typed/issue1986-1.p4
Error while typechecking p4 file: test/program/ill-typed/issue1986.p4
Error while typechecking p4 file: test/program/ill-typed/issue2021.p4
Typecheck success: test/program/ill-typed/issue2033.p4
Error while typechecking p4 file: test/program/ill-typed/issue2036-1.p4
Error while typechecking p4 file: test/program/ill-typed/issue2036-2.p4
Error while typechecking p4 file: test/program/ill-typed/issue2036.p4
Typecheck success: test/program/ill-typed/issue2206.p4
Error while typechecking p4 file: test/program/ill-typed/issue2220.p4
Error while typechecking p4 file: test/program/ill-typed/issue2230-1-bmv2.p4
Error while typechecking p4 file: test/program/ill-typed/issue2230.p4
Typecheck success: test/program/ill-typed/issue2260-1.p4
Typecheck success: test/program/ill-typed/issue2267.p4
Typecheck success: test/program/ill-typed/issue2283_2-bmv2.p4
Error while typechecking p4 file: test/program/ill-typed/issue2290.p4
Error while typechecking p4 file: test/program/ill-typed/issue2317.p4
Error while typechecking p4 file: test/program/ill-typed/issue2332.p4
Error while typechecking p4 file: test/program/ill-typed/issue2335.p4
Typecheck success: test/program/ill-typed/issue2354-1.p4
Typecheck success: test/program/ill-typed/issue2354.p4
Typecheck success: test/program/ill-typed/issue2373.p4
Error while typechecking p4 file: test/program/ill-typed/issue2413.p4
Error while typechecking p4 file: test/program/ill-typed/issue2441.p4
Error while typechecking p4 file: test/program/ill-typed/issue2444-1.p4
Typecheck success: test/program/ill-typed/issue2454.p4
Typecheck success: test/program/ill-typed/issue2496.p4
Error while typechecking p4 file: test/program/ill-typed/issue2525.p4
Error while parsing p4 file: test/program/ill-typed/issue2544_recursive.p4
Error while typechecking p4 file: test/program/ill-typed/issue2544_self_ref.p4
Typecheck success: test/program/ill-typed/issue2544_shadowing1.p4
Typecheck success: test/program/ill-typed/issue2545.p4
Typecheck success: test/program/ill-typed/issue2597.p4
Typecheck success: test/program/ill-typed/issue2835-bmv2.p4
Error while typechecking p4 file: test/program/ill-typed/issue3045-1.p4
Error while typechecking p4 file: test/program/ill-typed/issue3045-2.p4
Error while typechecking p4 file: test/program/ill-typed/issue3045.p4
Error while typechecking p4 file: test/program/ill-typed/issue3057-1.p4
Error while typechecking p4 file: test/program/ill-typed/issue306.p4
Typecheck success: test/program/ill-typed/issue3153.p4
Error while parsing p4 file: test/program/ill-typed/issue3170-1.p4
Error while parsing p4 file: test/program/ill-typed/issue3170.p4
Error while typechecking p4 file: test/program/ill-typed/issue3188.p4
Error while typechecking p4 file: test/program/ill-typed/issue3197-e.p4
Error while typechecking p4 file: test/program/ill-typed/issue3210.p4
Typecheck success: test/program/ill-typed/issue3221.p4
Error while typechecking p4 file: test/program/ill-typed/issue3233.p4
Error while typechecking p4 file: test/program/ill-typed/issue3246.p4
Error while typechecking p4 file: test/program/ill-typed/issue3264.p4
Error while typechecking p4 file: test/program/ill-typed/issue3271-1.p4
Typecheck success: test/program/ill-typed/issue3271.p4
Error while typechecking p4 file: test/program/ill-typed/issue3273.p4
Typecheck success: test/program/ill-typed/issue3282.p4
Error while parsing p4 file: test/program/ill-typed/issue3285.p4
Error while parsing p4 file: test/program/ill-typed/issue3291.p4
Error while parsing p4 file: test/program/ill-typed/issue3293.p4
Error while parsing p4 file: test/program/ill-typed/issue3299.p4
Error while parsing p4 file: test/program/ill-typed/issue3304.p4
Error while parsing p4 file: test/program/ill-typed/issue3305.p4
Error while typechecking p4 file: test/program/ill-typed/issue3316.p4
Error while typechecking p4 file: test/program/ill-typed/issue3335.p4
Error while typechecking p4 file: test/program/ill-typed/issue3338.p4
Error while typechecking p4 file: test/program/ill-typed/issue3345.p4
Error while typechecking p4 file: test/program/ill-typed/issue3346.p4
Error while typechecking p4 file: test/program/ill-typed/issue3359.p4
Typecheck success: test/program/ill-typed/issue3363.p4
Error while typechecking p4 file: test/program/ill-typed/issue3378.p4
Typecheck success: test/program/ill-typed/issue3430.p4
Typecheck success: test/program/ill-typed/issue3442.p4
Error while typechecking p4 file: test/program/ill-typed/issue345.p4
Typecheck success: test/program/ill-typed/issue3522.p4
Error while typechecking p4 file: test/program/ill-typed/issue3534.p4
Error while typechecking p4 file: test/program/ill-typed/issue3589.p4
Error while parsing p4 file: test/program/ill-typed/issue3611.p4
Error while parsing p4 file: test/program/ill-typed/issue3613.p4
Error while parsing p4 file: test/program/ill-typed/issue3622.p4
Error while parsing p4 file: test/program/ill-typed/issue3623-2.p4
Error while parsing p4 file: test/program/ill-typed/issue3623-3.p4
Typecheck success: test/program/ill-typed/issue3644-1.p4
Typecheck success: test/program/ill-typed/issue3644-2.p4
Typecheck success: test/program/ill-typed/issue3644.p4
Error while typechecking p4 file: test/program/ill-typed/issue3656.p4
Error while typechecking p4 file: test/program/ill-typed/issue3671-2.p4
Error while typechecking p4 file: test/program/ill-typed/issue3727.p4
Error while typechecking p4 file: test/program/ill-typed/issue3750-1.p4
Error while typechecking p4 file: test/program/ill-typed/issue3750.p4
Error while typechecking p4 file: test/program/ill-typed/issue3751.p4
Typecheck success: test/program/ill-typed/issue3787.p4
Error while typechecking p4 file: test/program/ill-typed/issue3808-1.p4
Error while typechecking p4 file: test/program/ill-typed/issue3808.p4
Error while typechecking p4 file: test/program/ill-typed/issue3813.p4
Error while typechecking p4 file: test/program/ill-typed/issue3814.p4
Typecheck success: test/program/ill-typed/issue3846.p4
Typecheck success: test/program/ill-typed/issue3847.p4
Typecheck success: test/program/ill-typed/issue388.p4
Error while typechecking p4 file: test/program/ill-typed/issue394.p4
Error while typechecking p4 file: test/program/ill-typed/issue401.p4
Error while typechecking p4 file: test/program/ill-typed/issue407-1.p4
Typecheck success: test/program/ill-typed/issue413.p4
Error while typechecking p4 file: test/program/ill-typed/issue4136.p4
Typecheck success: test/program/ill-typed/issue4140.p4
Error while parsing p4 file: test/program/ill-typed/issue4142.p4
Typecheck success: test/program/ill-typed/issue4144.p4
Typecheck success: test/program/ill-typed/issue4146.p4
Error while typechecking p4 file: test/program/ill-typed/issue435.p4
Error while typechecking p4 file: test/program/ill-typed/issue473.p4
Typecheck success: test/program/ill-typed/issue477.p4
Typecheck success: test/program/ill-typed/issue478.p4
Typecheck success: test/program/ill-typed/issue532.p4
Error while typechecking p4 file: test/program/ill-typed/issue561-1.p4
Typecheck success: test/program/ill-typed/issue584.p4
Typecheck success: test/program/ill-typed/issue600.p4
Error while typechecking p4 file: test/program/ill-typed/issue67.p4
Typecheck success: test/program/ill-typed/issue764.p4
Error while typechecking p4 file: test/program/ill-typed/issue774-1.p4
Typecheck success: test/program/ill-typed/issue774-2.p4
Error while typechecking p4 file: test/program/ill-typed/issue803-1.p4
Error while typechecking p4 file: test/program/ill-typed/issue807.p4
Error while typechecking p4 file: test/program/ill-typed/issue816-1.p4
Typecheck success: test/program/ill-typed/issue816.p4
Typecheck success: test/program/ill-typed/issue818.p4
Error while typechecking p4 file: test/program/ill-typed/issue819-1.p4
Error while typechecking p4 file: test/program/ill-typed/issue819.p4
Typecheck success: test/program/ill-typed/key-name.p4
Error while parsing p4 file: test/program/ill-typed/list-error.p4
Error while parsing p4 file: test/program/ill-typed/loop1-err.p4
Error while parsing p4 file: test/program/ill-typed/loop2-err.p4
Error while parsing p4 file: test/program/ill-typed/loop3-err.p4
Error while typechecking p4 file: test/program/ill-typed/methodArgDontcare.p4
Error while parsing p4 file: test/program/ill-typed/minWidth.p4
Typecheck success: test/program/ill-typed/missing_actions.p4
Error while typechecking p4 file: test/program/ill-typed/missing_match.p4
Error while typechecking p4 file: test/program/ill-typed/module_e.p4
Error while typechecking p4 file: test/program/ill-typed/mux_e.p4
Error while typechecking p4 file: test/program/ill-typed/named-fail.p4
Error while typechecking p4 file: test/program/ill-typed/named-fail1.p4
Error while typechecking p4 file: test/program/ill-typed/neg.p4
Error while typechecking p4 file: test/program/ill-typed/newtype-err.p4
Error while typechecking p4 file: test/program/ill-typed/next.p4
Error while typechecking p4 file: test/program/ill-typed/nostart.p4
Error while typechecking p4 file: test/program/ill-typed/not_bound.p4
Error while parsing p4 file: test/program/ill-typed/p_e.p4
Error while typechecking p4 file: test/program/ill-typed/package.p4
Typecheck success: test/program/ill-typed/param.p4
Typecheck success: test/program/ill-typed/parser-arg.p4
Error while typechecking p4 file: test/program/ill-typed/persistent_e.p4
Error while typechecking p4 file: test/program/ill-typed/pr2918.p4
Error while typechecking p4 file: test/program/ill-typed/psa-meter2.p4
Error while typechecking p4 file: test/program/ill-typed/psa-type-hdr.p4
Error while typechecking p4 file: test/program/ill-typed/push_nonconstant.p4
Error while typechecking p4 file: test/program/ill-typed/range_e.p4
Error while typechecking p4 file: test/program/ill-typed/scope.p4
Error while typechecking p4 file: test/program/ill-typed/select-struct.p4
Error while typechecking p4 file: test/program/ill-typed/select-varbits.p4
Error while typechecking p4 file: test/program/ill-typed/self-call.p4
Error while typechecking p4 file: test/program/ill-typed/serEnumImplCast.p4
Error while typechecking p4 file: test/program/ill-typed/serenum-type.p4
Error while typechecking p4 file: test/program/ill-typed/serenum-typedef.p4
Typecheck success: test/program/ill-typed/shift-int-non-const.p4
Error while parsing p4 file: test/program/ill-typed/shift_e.p4
Error while typechecking p4 file: test/program/ill-typed/signed.p4
Error while typechecking p4 file: test/program/ill-typed/signs.p4
Typecheck success: test/program/ill-typed/slice_out_of_bound.p4
Typecheck success: test/program/ill-typed/spec-ex32_e.p4
Error while typechecking p4 file: test/program/ill-typed/spec-issue1297-string-cat-err-0.p4
Error while typechecking p4 file: test/program/ill-typed/spec-issue1297-string-cat-err-1.p4
Error while parsing p4 file: test/program/ill-typed/spec-issue1297-string-cat-err-2-anno.p4
Error while parsing p4 file: test/program/ill-typed/spec-issue1297-string-cat-err-3-anno.p4
Error while typechecking p4 file: test/program/ill-typed/spec-issue563.p4
Typecheck success: test/program/ill-typed/stack-const-index-out-of-bounds-bmv2.p4
Error while typechecking p4 file: test/program/ill-typed/stack1_e.p4
Error while typechecking p4 file: test/program/ill-typed/stack2.p4
Error while typechecking p4 file: test/program/ill-typed/stack3.p4
Error while typechecking p4 file: test/program/ill-typed/stack_e.p4
Typecheck success: test/program/ill-typed/string-e.p4
Error while typechecking p4 file: test/program/ill-typed/string-e1.p4
Typecheck success: test/program/ill-typed/string-e2.p4
Error while typechecking p4 file: test/program/ill-typed/struct_e.p4
Error while typechecking p4 file: test/program/ill-typed/structure-valued-expr-errs-1.p4
Error while parsing p4 file: test/program/ill-typed/structure-valued-expr-errs-2.p4
Error while parsing p4 file: test/program/ill-typed/structured-annotation-e.p4
Typecheck success: test/program/ill-typed/structured-annotation-e1.p4
Error while typechecking p4 file: test/program/ill-typed/structured-annotation-e2.p4
Typecheck success: test/program/ill-typed/structured-annotation-e3.p4
Error while typechecking p4 file: test/program/ill-typed/table-entries-decl-order.p4
Error while parsing p4 file: test/program/ill-typed/table-entries-exact-ternary.p4
Error while typechecking p4 file: test/program/ill-typed/table-entries-exact.p4
Error while typechecking p4 file: test/program/ill-typed/table-entries-lpm-2.p4
Error while typechecking p4 file: test/program/ill-typed/table-entries-lpm.p4
Error while typechecking p4 file: test/program/ill-typed/table-entries-optional-2-bmv2.p4
Error while parsing p4 file: test/program/ill-typed/table-entries-outside-table.p4
Error while typechecking p4 file: test/program/ill-typed/table-entries-range.p4
Error while typechecking p4 file: test/program/ill-typed/table-entries-ternary.p4
Typecheck success: test/program/ill-typed/template_e.p4
Error while parsing p4 file: test/program/ill-typed/tuple-left.p4
Error while typechecking p4 file: test/program/ill-typed/tuple-newtype.p4
Error while typechecking p4 file: test/program/ill-typed/tuple-to-header.p4
Typecheck success: test/program/ill-typed/twovarbit.p4
Error while typechecking p4 file: test/program/ill-typed/type-field.p4
Error while parsing p4 file: test/program/ill-typed/type-in-expr-lex0.p4
Error while parsing p4 file: test/program/ill-typed/type-in-expr-lex1.p4
Error while typechecking p4 file: test/program/ill-typed/type-in-expr.p4
Error while typechecking p4 file: test/program/ill-typed/type-params_e.p4
Error while typechecking p4 file: test/program/ill-typed/typecheck1_e.p4
Error while typechecking p4 file: test/program/ill-typed/typecheck_e.p4
Error while typechecking p4 file: test/program/ill-typed/typedef-and-type-definitions.p4
Error while parsing p4 file: test/program/ill-typed/underscore1_e.p4
Error while parsing p4 file: test/program/ill-typed/underscore2_e.p4
Error while parsing p4 file: test/program/ill-typed/underscore3_e.p4
Error while parsing p4 file: test/program/ill-typed/underscore_e.p4
Error while typechecking p4 file: test/program/ill-typed/virtual1.p4
Error while typechecking p4 file: test/program/ill-typed/virtual2.p4
Error while typechecking p4 file: test/program/ill-typed/virtual3.p4
Error while typechecking p4 file: test/program/ill-typed/virtual4.p4
Error while typechecking p4 file: test/program/ill-typed/virtual5.p4
Error while typechecking p4 file: test/program/ill-typed/virtual6.p4
Error while typechecking p4 file: test/program/ill-typed/wrong-cast.p4

Parser on file: [PASS] 251 [FAIL] 48 [TOTAL] 299
Typecheck: [PASS] 172 [FAIL] 79 [TOTAL] 251
