test/program/ill-typed/key-name.p4:37:10: fatal error: '../p4_16_samples/arith-inline-skeleton.p4' file not found
#include "../p4_16_samples/arith-inline-skeleton.p4"
         ^~~~~~~~~~~~~~~~~~~~~~~~~~~~~~~~~~~~~~~~~~~
1 error generated.
(type_parser_states) A "start" state must exist(type_call_default_action_partial) Arguments (x) and (y) are syntactically different
parser error: File test/program/ill-typed/action-named-default-bmv2.p4, line 56, characters 11-18
(check_lvalue) e1 is not an l-value
(type_array_acc_expr) a cannot be indexed
(check_bitstring_base) struct S {  } is not a valid base type
(type_instantiation) S is not an instance type
(type_if_stmt) Condition b must be a boolean
(coerce_type) Cannot coerce type bit<1> to bit<32>
(coerce_types_binary) Cannot coerce types bit<32> and bit<16>
parser error: File test/program/ill-typed/constructor1_e.p4, line 18, characters 8-9
(type_extern_constructor_decl) Extern constructor must have the same name as the object
(check_eq_typ_alpha) Types bool and bit<1> are not equal
(check_eq_typ_alpha) Types control (in hdr struct H {  }, inout meta struct M {  }) and control (inout hdr struct H {  }, inout meta struct M {  }) are not equal
parser error: File test/program/ill-typed/default-initializer-err.p4, line 34, characters 40-42
(type_switch_table_cases') Default label must be the last switch label
(type_table_action_default) There is no action named b in actions list
(type_table_action_default) There is no action named .b in actions list
(check_ctk) ((z) & (z)) is not a compile-time known expression
(type_binop_div) Division and modulo operator expects two arbitrary precision integers but bit<8> and int were given
(type_binop_div) Division and modulo operator expects two arbitrary precision integers but bit<8> and int were given
(type_binop_div) Division and modulo operator expects two arbitrary precision integers but bit<8> and bit<8> were given
(type_control_decl) Control declarations cannot be generic
(type_control_decl) Control declarations cannot be generic
(type_control_decl) Control declarations cannot be generic
(coerce_type) Cannot coerce type int to enum<bit<32>> X
(coerce_types_binary) Cannot coerce types varbit<32> and header H { a = bit<32>; b = varbit<32> }
parser error: File test/program/ill-typed/expression_e.p4, line 21, characters 19-20
(type_control_decl) Control declarations cannot be generic
(check_lvalue) ((1w1) & (1w0)) is not an l-value
(type_func) Function f not found
(type_function_decl) A function must return a value on all possible execution paths
(TODO: transform_stmt) p.apply();

(type_instantiation) s is not an instance type
(specialize_typedef) Type definition extern T<If> { id(d) : extern_method<>(in d T) -> T } expects 1 type arguments but 0 were given
parser error: File test/program/ill-typed/globalVar_e.p4, line 16, characters 5-6
parser error: File test/program/ill-typed/header1_e.p4, line 18, characters 4-5
(check_valid_typedef_nesting) Invalid nesting of parser () inside struct s1 { field = parser () }
(check_valid_typedef_nesting) Invalid nesting of tuple<bit<1>,
bit<1>> inside header H { field1 = tuple<bit<1>,
bit<1>> }
(coerce_type) Cannot coerce type int<32> to bit<32>
(type_switch_table_label) Action b was not declared in table t1
parser error: File test/program/ill-typed/init-entries-error1-bmv2.p4, line 75, characters 8-15
parser error: File test/program/ill-typed/init-entries-error2-bmv2.p4, line 76, characters 8-15
parser error: File test/program/ill-typed/init-entries-error3-bmv2.p4, line 78, characters 8-15
(check_lvalue) x is not an l-value
(type_method) Method f not found for x
(type_instantiation) X is not an instance type
parser error: File test/program/ill-typed/invalid-invalid.p4, line 2, characters 0-0
(check_eq_typ_alpha) Types bit<16> and bit<8> are not equal
(type_expr_acc_expr) Member x does not exist in x
parser error: File test/program/ill-typed/issue1202.p4, line 1, characters 18-21
(type_table_custom) size should be numeric type, not bool
parser error: File test/program/ill-typed/issue1336.p4, line 3, characters 14-15
(type_call_default_action_partial) Arguments (1) and (2) are syntactically different
(type_expr_acc_expr) Member drop does not exist in smeta
(check_eq_typ_alpha) Types int and bit<32> are not equal
(coerce_type) Cannot coerce type bit<0> to bit<2>
(coerce_type) Cannot coerce type tuple<bit<0>> to bit<1>
(check_lvalue) .x is not an l-value
(check_valid_type_nesting) Invalid nesting of int inside tuple<int>
(check_valid_type_nesting) Invalid nesting of int inside tuple<int>
(check_valid_type_nesting) Invalid nesting of int inside tuple<int>
(coerce_type) Cannot coerce type record { val = bit<8> } to struct S { val = enum<bit<8>> myEnum }
(coerce_type) Cannot coerce type tuple<bit<8>,
bit<8>> to header h1_t { f1 = bit<8>; f2 = bit<8> }
(coerce_type) Cannot coerce type header h1_t { f1 = bit<8>; f2 = bit<8> } to header h2_t { f1 = bit<8>; f2 = bit<8> }
(check_valid_typedef_nesting) Invalid nesting of header simple_header { a = bit<8> } inside header nested_header { s = header simple_header { a = bit<8> } }
(type_call_expr) Function call as an expression must return a value
(coerce_type) Cannot coerce type bit<1> to bit<32>
(check_valid_var_type) Type int is not a valid variable type
(type_func) Function x not found
(type_control_decl) Control declarations cannot be generic
(coerce_type) Cannot coerce type bit<4> to int
(type_switch_table_cases') Default label must be the last switch label
parser error: File test/program/ill-typed/issue2544_recursive.p4, line 2, characters 11-12
(eval_type') Type definition E does not exist
(check_eq_typ_alpha) Types int and bit<32> are not equal
(type_control_decl) Control declarations cannot be generic
(check_eq_typ_alpha) Types int and bit<32> are not equal
(check_valid_type_nesting) Invalid nesting of int inside tuple<int,
int>
(type_expr_acc_expr) Member stack does not exist in p
parser error: File test/program/ill-typed/issue3170-1.p4, line 7, characters 8-9
parser error: File test/program/ill-typed/issue3170.p4, line 1, characters 8-9
(type_func) Function f not found
(type_func) Function t not found
(type_cast_expr) Invalid cast from tuple<bit<1>,
bit<1>> to struct s { t = bit<1>; t1 = bit<1> }
(type_method) Method minSizeInBits not found for 1w1
(type_var_expr) this is a free identifier
(type_instantiation_init_decl) Instantiation initializer should be a function declaration
(type_instantiation_decl) Abstract method f() is not declared
parser error: File test/program/ill-typed/issue3291.p4, line 1, characters 8-9
parser error: File test/program/ill-typed/issue3293.p4, line 1, characters 9-10
parser error: File test/program/ill-typed/issue3299.p4, line 18, characters 5-10
parser error: File test/program/ill-typed/issue3304.p4, line 3, characters 8-9
parser error: File test/program/ill-typed/issue3305.p4, line 1, characters 8-9
(coerce_type) Cannot coerce type bool to int
(type_parser_states) A "start" state must exist(coerce_type) Cannot coerce type bit<1> to bool
(type_decl) value_set<int>(4) myvs;
(check_valid_var_type) Type parser (in tt bit<1>) is not a valid variable type
(check_valid_type_nesting) Invalid nesting of package inside tuple<package,
package>
(type_control_decl) Control declarations cannot be generic
(coerce_type) Cannot coerce type bit<2> to enum<bit<2>> e
(coerce_types_binary) Cannot coerce types table and table
parser error: File test/program/ill-typed/issue3611.p4, line 12, characters 6-7
parser error: File test/program/ill-typed/issue3613.p4, line 5, characters 6-9
parser error: File test/program/ill-typed/issue3622.p4, line 10, characters 12-16
parser error: File test/program/ill-typed/issue3623-2.p4, line 9, characters 6-9
parser error: File test/program/ill-typed/issue3623-3.p4, line 9, characters 6-7
(specialize_funcdef) Function action() expects 0 type arguments but 1 were given
(type_call_default_action_partial) Arguments ({ f0 = ext1(), f1 = ext2() }) and ({ f1 = ext1(), f0 = ext2() }) are syntactically different
(type_table_action) f2 is not an action
(check_valid_type_nesting) Invalid nesting of extern ct { apply() : extern_method<>() -> void } inside tuple<extern ct { apply() : extern_method<>() -> void }>
(check_valid_type_nesting) Invalid nesting of control () inside tuple<control ()>
(type_decl) value_set<bit<1>>(t) vs;
(coerce_type) Cannot coerce type table to top
(coerce_type) Cannot coerce type table to top
(type_func) Function f not found
(type_instantiation) g is not an instance type
(check_valid_var_type) Type extern C { get() : extern_method<>() -> bool } is not a valid variable type
(check_valid_type_nesting) Invalid nesting of int inside tuple<int>
(check_valid_typedef_nesting) Invalid nesting of error inside header H { x7 = error; x8 = bool; x9 = enum myenum1; x10 = header Ethernet_h { dstAddr = bit<48>; srcAddr = bit<48>; etherType = bit<16> }; x11 = header Ethernet_h { dstAddr = bit<48>; srcAddr = bit<48>; etherType = bit<16> }[4]; x12 = struct mystruct1 { a = bit<4>; b = bit<4> }; x13 = struct mystruct2 { foo = struct mystruct1 { a = bit<4>; b = bit<4> }; a = bit<4>; b = bit<4> }; x14 = tuple<bit<8>,
bit<16>> }
(type_bitstring_acc_expr) Invalid slice [-1:1] for int
(type_extern_constructor_decl) Extern constructor must have the same name as the object
(check_ctk) ((bit<8>) (meta.d)) is not a compile-time known expression
(check_valid_type_nesting) Invalid nesting of int inside tuple<int>
(coerce_type) Cannot coerce type int to bool
(type_call) Don't care argument can only be used for an out function/method argument
(type_instantiation) Ingress is not an instance type
(check_valid_var_type) Type control () is not a valid variable type
(check_valid_var_type) Type control () is not a valid variable type
(specialize_typedef) Type definition extern T1, T2<WrapControls> { execute1() : extern_method<>() -> void
execute2() : extern_method<>() -> void } expects 2 type arguments but 0 were given
(eval_type') Type definition MyC1 does not exist
parser error: File test/program/ill-typed/list-error.p4, line 4, characters 6-10
parser error: File test/program/ill-typed/loop1-err.p4, line 3, characters 9-10
parser error: File test/program/ill-typed/loop2-err.p4, line 5, characters 13-16
parser error: File test/program/ill-typed/loop3-err.p4, line 51, characters 15-17
(coerce_type) Cannot coerce type int to top
(type_table_key) noSuchMatch is not a valid match_kind
(check_eq_typ_alpha) Types parser (in x bit<1>) and parser (out filter bool) are not equal
(type_ternop_expr) Condition a must be a boolean
(check_named_args) Either all or no arguments must specify the parameter name
(type_binop_div) Division and modulo operator expects two arbitrary precision integers but int<8> and int<8> were given
(coerce_type) Cannot coerce type bit<32> to type N32 (= bit<32>)
(check_valid_type_nesting) Invalid nesting of int inside tuple<int>
(type_parser_states) A "start" state must exist(type_func) Function set_nhop not found
parser error: File test/program/ill-typed/p_e.p4, line 18, characters 0-0
(check_valid_cparam') Constructor parameters must be directionless
(check_ctk) z is not a compile-time known expression
(check_valid_type_nesting) Invalid nesting of struct S { b = bit<8> } inside set<struct S { b = bit<8> }>
(check_eq_typ_alpha) Types int and bit<32> are not equal
(check_valid_typedef_nesting) Invalid nesting of header ipv4_t { version = bit<4>; ihl = bit<4>; diffserv = bit<8>; totalLen = bit<16>; identification = bit<16>; flags = bit<3>; fragOffset = bit<13>; ttl = bit<8>; protocol = bit<8>; hdrChecksum = bit<16>; srcAddr = bit<32>; dstAddr = bit<32> } inside type IPV4T_t (= header ipv4_t { version = bit<4>; ihl = bit<4>; diffserv = bit<8>; totalLen = bit<16>; identification = bit<16>; flags = bit<3>; fragOffset = bit<13>; ttl = bit<8>; protocol = bit<8>; hdrChecksum = bit<16>; srcAddr = bit<32>; dstAddr = bit<32> })
(check_eq_typ_alpha) Types bit<32> and int are not equal
(coerce_types_binary) Cannot coerce types bit<2> and bit<3>
(type_type_acc_expr) .q is a free identifier
(check_valid_type_nesting) Invalid nesting of int inside tuple<int>
(check_valid_type_nesting) Invalid nesting of varbit<12> inside set<varbit<12>>
(type_instantiation) c is not an instance type
(check_eq_typ_alpha) Types bit<2> and enum<bit<2>> foo_t are not equal
(coerce_type) Cannot coerce type int to type EthT (= type Base2_t (= type Base1_t (= bit<16>)))
(coerce_type) Cannot coerce type int to type Base_t (= bit<16>)
parser error: File test/program/ill-typed/shift_e.p4, line 20, characters 24-25
(coerce_type) Cannot coerce type int<8> to bit<8>
(coerce_type) Cannot coerce type bit<8> to int<8>
(type_binop_plus_minus_mult) Addition, subtraction, and multiplication operator expects either two arbitrary precision integers or 
        two integers of the same signedness and width but string and string were given
(type_binop_concat) Concatenation expects two bit-strings but string and int were given
parser error: File test/program/ill-typed/spec-issue1297-string-cat-err-2-anno.p4, line 3, characters 0-4
parser error: File test/program/ill-typed/spec-issue1297-string-cat-err-3-anno.p4, line 3, characters 0-4
(eval_type') Type definition A does not exist
(coerce_type) Cannot coerce type header h {  }[3] to header h {  }[5]
(check_valid_type_nesting) Invalid nesting of struct s {  } inside struct s {  }[5]
(check_valid_typedef_nesting) Invalid nesting of string inside struct S { s = string }
(type_expr_acc_expr) Member data does not exist in v
(coerce_type) Cannot coerce type tuple<> to header h1_t { f1 = bit<8> }
parser error: File test/program/ill-typed/structure-valued-expr-errs-2.p4, line 106, characters 27-28
parser error: File test/program/ill-typed/structured-annotation-e.p4, line 1, characters 22-23
(check_valid_type_nesting) Invalid nesting of int inside tuple<int,
int>
(check_eq_typ_alpha) Types int and bit<9> are not equal
parser error: File test/program/ill-typed/table-entries-exact-ternary.p4, line 74, characters 28-29
(check_eq_typ_alpha) Types int and bit<9> are not equal
(check_eq_typ_alpha) Types int and bit<9> are not equal
(check_eq_typ_alpha) Types int and bit<9> are not equal
(type_action_keyset) match_kind optional cannot use mask expression 
parser error: File test/program/ill-typed/table-entries-outside-table.p4, line 68, characters 10-17
(check_eq_typ_alpha) Types int and bit<9> are not equal
(check_eq_typ_alpha) Types int and bit<9> are not equal
parser error: File test/program/ill-typed/tuple-left.p4, line 21, characters 11-12
(check_valid_typedef_nesting) Invalid nesting of tuple<bit<1>> inside type T (= tuple<bit<1>>)
(check_valid_type_nesting) Invalid nesting of int inside tuple<int>
(type_type_acc_expr) struct h { d = header d_t { f = bit<32> } } cannot be accessed
parser error: File test/program/ill-typed/type-in-expr-lex0.p4, line 8, characters 25-26
parser error: File test/program/ill-typed/type-in-expr-lex1.p4, line 8, characters 21-22
(type_control_decl) Control declarations cannot be generic
(eval_type') Type definition D does not exist
(type_unop_expr) ~ expects a fixed-size integer but d was given
(type_control_decl) Control declarations cannot be generic
parser error: File test/program/ill-typed/underscore1_e.p4, line 17, characters 8-9
parser error: File test/program/ill-typed/underscore2_e.p4, line 19, characters 12-13
parser error: File test/program/ill-typed/underscore3_e.p4, line 16, characters 10-11
parser error: File test/program/ill-typed/underscore_e.p4, line 16, characters 12-13
(coerce_type) Cannot coerce type bit<16> to bool
(coerce_type) Cannot coerce type bit<16> to void
(type_return_stmt) Function must return a value of type bit<16>
(type_instantiation_decl) Abstract method f(ix) is not defined
(type_instantiation_decl) Abstract method f(ix) is not declared
(type_instantiation_decl) Abstract method f(ix) is not declared
(type_cast_expr) Invalid cast from int<2> to bool
